<LIMBOTEST>
  <METHODS>
    <METHOD ID='A_BEST'>[(BestMatch_1.0_0.85_false @ 1.0)/-1.0]</METHOD>
    <METHOD ID='A_BEST_I'>[(BestMatch_1.0_0.85_true @ 1.0)/-1.0]</METHOD>
    <METHOD ID='A_EXACT'>[(LineHash_false @ 1.0)/-1.0]</METHOD>
    <METHOD ID='A_EXACT_I'>[(LineHash_true @ 1.0)/-1.0]</METHOD>
    <METHOD ID='A_NUMBER'>[(LineNumber_1.0 @ 1.0)/-1.0]</METHOD>
    <METHOD ID='A_NUMBER_EXACT'>[(LineHash_false @ 1.0)(LineNumber_1.0 @ 0.1)/-1.0]</METHOD>
    <METHOD ID='A_SMART'>[(SmartMatch_1.0_0.85_false @ 1.0)/-1.0]</METHOD>
    <METHOD ID='A_SMART_I'>[(SmartMatch_1.0_0.85_true @ 1.0)/-1.0]</METHOD>
    <METHOD ID='C_LINE'>[(LineContext_5_0.35_false @ 1.0)/-1.0]</METHOD>
    <METHOD ID='U_DIFF'>[(Diff @ 1.0)/-1.0]</METHOD>
    <METHOD ID='W_BESTI_AREA'>[(BestMatch_1.0_0.5_true @ 0.6)(AreaContext_4_0.8_false @ 0.4)/-1.0]</METHOD>
    <METHOD ID='W_BESTI_AREAI'>[(AreaContext_4_0.8_true @ 0.4)(BestMatch_1.0_0.5_true @ 0.6)/-1.0]</METHOD>
    <METHOD ID='W_BESTI_LINE'>[(LineContext_4_0.35_false @ 0.4)(BestMatch_1.0_0.5_true @ 0.6)/-1.0]</METHOD>
    <METHOD ID='W_BESTI_LINE#1'>[(LineContext_4_0.35_false @ 0.2)(BestMatch_1.0_0.5_true @ 0.8)/-1.0]</METHOD>
    <METHOD ID='W_BESTI_LINE#10'>[(BestMatch_1.0_0.5_true @ 0.6)(LineContext_4_0.35_false @ 0.4)/0.7]</METHOD>
    <METHOD ID='W_BESTI_LINE#11'>[(BestMatch_1.0_0.5_true @ 0.6)(LineContext_4_0.35_false @ 0.4)/0.8]</METHOD>
    <METHOD ID='W_BESTI_LINE#12'>[(LineContext_4_0.35_false @ 0.4)(BestMatch_1.0_0.5_true @ 0.6)/0.9]</METHOD>
    <METHOD ID='W_BESTI_LINE#2'>[(BestMatch_1.0_0.5_true @ 0.4)(LineContext_4_0.35_false @ 0.6)/-1.0]</METHOD>
    <METHOD ID='W_BESTI_LINE#3'>[(BestMatch_1.0_0.5_true @ 0.2)(LineContext_4_0.35_false @ 0.8)/-1.0]</METHOD>
    <METHOD ID='W_BESTI_LINE#4'>[(BestMatch_1.0_0.5_true @ 0.6)(LineContext_4_0.35_false @ 0.4)/0.1]</METHOD>
    <METHOD ID='W_BESTI_LINE#5'>[(LineContext_4_0.35_false @ 0.4)(BestMatch_1.0_0.5_true @ 0.6)/0.2]</METHOD>
    <METHOD ID='W_BESTI_LINE#6'>[(BestMatch_1.0_0.5_true @ 0.6)(LineContext_4_0.35_false @ 0.4)/0.3]</METHOD>
    <METHOD ID='W_BESTI_LINE#7'>[(LineContext_4_0.35_false @ 0.4)(BestMatch_1.0_0.5_true @ 0.6)/0.4]</METHOD>
    <METHOD ID='W_BESTI_LINE#8'>[(LineContext_4_0.35_false @ 0.4)(BestMatch_1.0_0.5_true @ 0.6)/0.5]</METHOD>
    <METHOD ID='W_BESTI_LINE#9'>[(LineContext_4_0.35_false @ 0.4)(BestMatch_1.0_0.5_true @ 0.6)/0.6]</METHOD>
    <METHOD ID='W_BESTI_LINEI'>[(LineContext_4_0.35_true @ 0.4)(BestMatch_1.0_0.5_true @ 0.6)/-1.0]</METHOD>
    <METHOD ID='W_BESTI_LINEI#1'>[(BestMatch_1.0_0.5_true @ 0.8)(LineContext_4_0.35_true @ 0.2)/-1.0]</METHOD>
    <METHOD ID='W_BESTI_LINEI#10'>[(LineContext_4_0.35_true @ 0.4)(BestMatch_1.0_0.5_true @ 0.6)/0.7]</METHOD>
    <METHOD ID='W_BESTI_LINEI#11'>[(BestMatch_1.0_0.5_true @ 0.6)(LineContext_4_0.35_true @ 0.4)/0.8]</METHOD>
    <METHOD ID='W_BESTI_LINEI#12'>[(BestMatch_1.0_0.5_true @ 0.6)(LineContext_4_0.35_true @ 0.4)/0.9]</METHOD>
    <METHOD ID='W_BESTI_LINEI#2'>[(BestMatch_1.0_0.5_true @ 0.4)(LineContext_4_0.35_true @ 0.6)/-1.0]</METHOD>
    <METHOD ID='W_BESTI_LINEI#3'>[(LineContext_4_0.35_true @ 0.8)(BestMatch_1.0_0.5_true @ 0.2)/-1.0]</METHOD>
    <METHOD ID='W_BESTI_LINEI#4'>[(BestMatch_1.0_0.5_true @ 0.6)(LineContext_4_0.35_true @ 0.4)/0.1]</METHOD>
    <METHOD ID='W_BESTI_LINEI#5'>[(BestMatch_1.0_0.5_true @ 0.6)(LineContext_4_0.35_true @ 0.4)/0.2]</METHOD>
    <METHOD ID='W_BESTI_LINEI#6'>[(BestMatch_1.0_0.5_true @ 0.6)(LineContext_4_0.35_true @ 0.4)/0.3]</METHOD>
    <METHOD ID='W_BESTI_LINEI#7'>[(BestMatch_1.0_0.5_true @ 0.6)(LineContext_4_0.35_true @ 0.4)/0.4]</METHOD>
    <METHOD ID='W_BESTI_LINEI#8'>[(BestMatch_1.0_0.5_true @ 0.6)(LineContext_4_0.35_true @ 0.4)/0.5]</METHOD>
    <METHOD ID='W_BESTI_LINEI#9'>[(LineContext_4_0.35_true @ 0.4)(BestMatch_1.0_0.5_true @ 0.6)/0.6]</METHOD>
    <METHOD ID='W_BEST_AREA'>[(AreaContext_4_0.8_false @ 0.4)(BestMatch_1.0_0.5_false @ 0.6)/-1.0]</METHOD>
    <METHOD ID='W_BEST_AREAI'>[(BestMatch_1.0_0.5_false @ 0.6)(AreaContext_4_0.8_true @ 0.4)/-1.0]</METHOD>
    <METHOD ID='W_BEST_LINE'>[(BestMatch_1.0_0.5_false @ 0.6)(LineContext_4_0.35_false @ 0.4)/-1.0]</METHOD>
    <METHOD ID='W_BEST_LINE#1'>[(BestMatch_1.0_0.5_false @ 0.8)(LineContext_4_0.35_false @ 0.2)/-1.0]</METHOD>
    <METHOD ID='W_BEST_LINE#10'>[(LineContext_4_0.35_false @ 0.4)(BestMatch_1.0_0.5_false @ 0.6)/0.7]</METHOD>
    <METHOD ID='W_BEST_LINE#11'>[(LineContext_4_0.35_false @ 0.4)(BestMatch_1.0_0.5_false @ 0.6)/0.8]</METHOD>
    <METHOD ID='W_BEST_LINE#12'>[(BestMatch_1.0_0.5_false @ 0.6)(LineContext_4_0.35_false @ 0.4)/0.9]</METHOD>
    <METHOD ID='W_BEST_LINE#2'>[(BestMatch_1.0_0.5_false @ 0.4)(LineContext_4_0.35_false @ 0.6)/-1.0]</METHOD>
    <METHOD ID='W_BEST_LINE#3'>[(BestMatch_1.0_0.5_false @ 0.2)(LineContext_4_0.35_false @ 0.8)/-1.0]</METHOD>
    <METHOD ID='W_BEST_LINE#4'>[(LineContext_4_0.35_false @ 0.4)(BestMatch_1.0_0.5_false @ 0.6)/0.1]</METHOD>
    <METHOD ID='W_BEST_LINE#5'>[(LineContext_4_0.35_false @ 0.4)(BestMatch_1.0_0.5_false @ 0.6)/0.2]</METHOD>
    <METHOD ID='W_BEST_LINE#6'>[(BestMatch_1.0_0.5_false @ 0.6)(LineContext_4_0.35_false @ 0.4)/0.3]</METHOD>
    <METHOD ID='W_BEST_LINE#7'>[(LineContext_4_0.35_false @ 0.4)(BestMatch_1.0_0.5_false @ 0.6)/0.4]</METHOD>
    <METHOD ID='W_BEST_LINE#8'>[(LineContext_4_0.35_false @ 0.4)(BestMatch_1.0_0.5_false @ 0.6)/0.5]</METHOD>
    <METHOD ID='W_BEST_LINE#9'>[(LineContext_4_0.35_false @ 0.4)(BestMatch_1.0_0.5_false @ 0.6)/0.6]</METHOD>
    <METHOD ID='W_BEST_LINEI'>[(BestMatch_1.0_0.5_false @ 0.6)(LineContext_4_0.35_true @ 0.4)/-1.0]</METHOD>
    <METHOD ID='W_BEST_LINEI#1'>[(LineContext_4_0.35_true @ 0.2)(BestMatch_1.0_0.5_false @ 0.8)/-1.0]</METHOD>
    <METHOD ID='W_BEST_LINEI#10'>[(BestMatch_1.0_0.5_false @ 0.6)(LineContext_4_0.35_true @ 0.4)/0.7]</METHOD>
    <METHOD ID='W_BEST_LINEI#11'>[(LineContext_4_0.35_true @ 0.4)(BestMatch_1.0_0.5_false @ 0.6)/0.8]</METHOD>
    <METHOD ID='W_BEST_LINEI#12'>[(BestMatch_1.0_0.5_false @ 0.6)(LineContext_4_0.35_true @ 0.4)/0.9]</METHOD>
    <METHOD ID='W_BEST_LINEI#2'>[(LineContext_4_0.35_true @ 0.6)(BestMatch_1.0_0.5_false @ 0.4)/-1.0]</METHOD>
    <METHOD ID='W_BEST_LINEI#3'>[(BestMatch_1.0_0.5_false @ 0.2)(LineContext_4_0.35_true @ 0.8)/-1.0]</METHOD>
    <METHOD ID='W_BEST_LINEI#4'>[(LineContext_4_0.35_true @ 0.4)(BestMatch_1.0_0.5_false @ 0.6)/0.1]</METHOD>
    <METHOD ID='W_BEST_LINEI#5'>[(LineContext_4_0.35_true @ 0.4)(BestMatch_1.0_0.5_false @ 0.6)/0.2]</METHOD>
    <METHOD ID='W_BEST_LINEI#6'>[(LineContext_4_0.35_true @ 0.4)(BestMatch_1.0_0.5_false @ 0.6)/0.3]</METHOD>
    <METHOD ID='W_BEST_LINEI#7'>[(BestMatch_1.0_0.5_false @ 0.6)(LineContext_4_0.35_true @ 0.4)/0.4]</METHOD>
    <METHOD ID='W_BEST_LINEI#8'>[(BestMatch_1.0_0.5_false @ 0.6)(LineContext_4_0.35_true @ 0.4)/0.5]</METHOD>
    <METHOD ID='W_BEST_LINEI#9'>[(BestMatch_1.0_0.5_false @ 0.6)(LineContext_4_0.35_true @ 0.4)/0.6]</METHOD>
  </METHODS>
  <LOCATIONS>
    <LOCATION ID='L_00' LINE='1739' FILE='/home/parvez/Documents/Research/ProjectLineMapping/Data/eclipseTest/GC2.java' />
    <LOCATION ID='L_01' LINE='1740' FILE='/home/parvez/Documents/Research/ProjectLineMapping/Data/eclipseTest/GC2.java' />
    <LOCATION ID='L_02' LINE='1741' FILE='/home/parvez/Documents/Research/ProjectLineMapping/Data/eclipseTest/GC2.java' />
    <LOCATION ID='L_03' LINE='1744' FILE='/home/parvez/Documents/Research/ProjectLineMapping/Data/eclipseTest/GC2.java' />
    <LOCATION ID='L_04' LINE='1745' FILE='/home/parvez/Documents/Research/ProjectLineMapping/Data/eclipseTest/GC2.java' />
    <LOCATION ID='L_05' LINE='1746' FILE='/home/parvez/Documents/Research/ProjectLineMapping/Data/eclipseTest/GC2.java' />
    <LOCATION ID='L_06' LINE='1747' FILE='/home/parvez/Documents/Research/ProjectLineMapping/Data/eclipseTest/GC2.java' />
    <LOCATION ID='L_07' LINE='1748' FILE='/home/parvez/Documents/Research/ProjectLineMapping/Data/eclipseTest/GC2.java' />
    <LOCATION ID='L_08' LINE='1749' FILE='/home/parvez/Documents/Research/ProjectLineMapping/Data/eclipseTest/GC2.java' />
    <LOCATION ID='L_09' LINE='1750' FILE='/home/parvez/Documents/Research/ProjectLineMapping/Data/eclipseTest/GC2.java' />
    <LOCATION ID='L_10' LINE='1751' FILE='/home/parvez/Documents/Research/ProjectLineMapping/Data/eclipseTest/GC2.java' />
  </LOCATIONS>
  <VERSION NUMBER='2'>
    <LOCATION ID='L_00' ORIG='1739' NEW='1749'>
      <METHOD ID='W_BESTI_LINE#12' LINE='-1' />
      <METHOD ID='W_BESTI_LINE#10' LINE='-1' />
      <METHOD ID='W_BESTI_LINEI#12' LINE='-1' />
      <METHOD ID='W_BESTI_LINE#11' LINE='-1' />
      <METHOD ID='W_BESTI_LINEI#11' LINE='-1' />
      <METHOD ID='C_LINE' LINE='-1' />
      <METHOD ID='W_BEST_LINE#1' LINE='740' />
      <METHOD ID='W_BEST_LINE#3' LINE='-1' />
      <METHOD ID='W_BEST_LINE#2' LINE='740' />
      <METHOD ID='W_BEST_LINEI#9' LINE='-1' />
      <METHOD ID='W_BEST_LINEI#5' LINE='740' />
      <METHOD ID='W_BEST_LINE#9' LINE='-1' />
      <METHOD ID='W_BEST_LINEI#6' LINE='740' />
      <METHOD ID='W_BEST_LINE#8' LINE='740' />
      <METHOD ID='W_BESTI_AREA' LINE='740' />
      <METHOD ID='W_BEST_LINEI#7' LINE='740' />
      <METHOD ID='A_EXACT_I' LINE='-1' />
      <METHOD ID='W_BEST_LINEI#8' LINE='740' />
      <METHOD ID='W_BEST_LINEI#1' LINE='740' />
      <METHOD ID='W_BEST_LINE#5' LINE='740' />
      <METHOD ID='W_BEST_LINEI#2' LINE='740' />
      <METHOD ID='W_BESTI_LINEI#10' LINE='-1' />
      <METHOD ID='W_BEST_LINE#4' LINE='740' />
      <METHOD ID='W_BEST_LINEI#3' LINE='-1' />
      <METHOD ID='W_BEST_LINE#7' LINE='740' />
      <METHOD ID='W_BEST_LINEI#4' LINE='740' />
      <METHOD ID='W_BEST_LINE#6' LINE='740' />
      <METHOD ID='W_BESTI_LINEI' LINE='740' />
      <METHOD ID='W_BEST_LINEI' LINE='740' />
      <METHOD ID='W_BESTI_AREAI' LINE='740' />
      <METHOD ID='A_NUMBER' LINE='1739' />
      <METHOD ID='A_SMART' LINE='740' />
      <METHOD ID='W_BEST_AREA' LINE='740' />
      <METHOD ID='W_BEST_LINEI#12' LINE='-1' />
      <METHOD ID='W_BEST_LINEI#11' LINE='-1' />
      <METHOD ID='W_BEST_LINEI#10' LINE='-1' />
      <METHOD ID='U_DIFF' LINE='1739' />
      <METHOD ID='W_BESTI_LINEI#8' LINE='740' />
      <METHOD ID='W_BESTI_LINEI#9' LINE='-1' />
      <METHOD ID='W_BESTI_LINEI#6' LINE='740' />
      <METHOD ID='W_BESTI_LINEI#7' LINE='740' />
      <METHOD ID='W_BESTI_LINEI#4' LINE='740' />
      <METHOD ID='W_BESTI_LINEI#5' LINE='740' />
      <METHOD ID='W_BESTI_LINEI#2' LINE='740' />
      <METHOD ID='W_BESTI_LINEI#3' LINE='-1' />
      <METHOD ID='W_BESTI_LINE' LINE='740' />
      <METHOD ID='W_BESTI_LINEI#1' LINE='740' />
      <METHOD ID='W_BEST_LINE#11' LINE='-1' />
      <METHOD ID='A_EXACT' LINE='-1' />
      <METHOD ID='W_BEST_LINE#12' LINE='-1' />
      <METHOD ID='W_BEST_LINE#10' LINE='-1' />
      <METHOD ID='W_BEST_LINE' LINE='740' />
      <METHOD ID='A_BEST' LINE='740' />
      <METHOD ID='A_NUMBER_EXACT' LINE='-1' />
      <METHOD ID='A_SMART_I' LINE='740' />
      <METHOD ID='A_BEST_I' LINE='740' />
      <METHOD ID='W_BESTI_LINE#5' LINE='740' />
      <METHOD ID='W_BESTI_LINE#6' LINE='740' />
      <METHOD ID='W_BESTI_LINE#7' LINE='740' />
      <METHOD ID='W_BESTI_LINE#8' LINE='740' />
      <METHOD ID='W_BESTI_LINE#9' LINE='-1' />
      <METHOD ID='W_BESTI_LINE#1' LINE='740' />
      <METHOD ID='W_BESTI_LINE#2' LINE='740' />
      <METHOD ID='W_BEST_AREAI' LINE='740' />
      <METHOD ID='W_BESTI_LINE#3' LINE='-1' />
      <METHOD ID='W_BESTI_LINE#4' LINE='740' />
    </LOCATION>
    <LOCATION ID='L_01' ORIG='1740' NEW='1750'>
      <METHOD ID='W_BESTI_LINE#12' LINE='-1' />
      <METHOD ID='W_BESTI_LINE#10' LINE='-1' />
      <METHOD ID='W_BESTI_LINEI#12' LINE='-1' />
      <METHOD ID='W_BESTI_LINE#11' LINE='-1' />
      <METHOD ID='W_BESTI_LINEI#11' LINE='-1' />
      <METHOD ID='C_LINE' LINE='-1' />
      <METHOD ID='W_BEST_LINE#1' LINE='741' />
      <METHOD ID='W_BEST_LINE#3' LINE='-1' />
      <METHOD ID='W_BEST_LINE#2' LINE='741' />
      <METHOD ID='W_BEST_LINEI#9' LINE='-1' />
      <METHOD ID='W_BEST_LINEI#5' LINE='741' />
      <METHOD ID='W_BEST_LINE#9' LINE='-1' />
      <METHOD ID='W_BEST_LINEI#6' LINE='741' />
      <METHOD ID='W_BEST_LINE#8' LINE='741' />
      <METHOD ID='W_BESTI_AREA' LINE='741' />
      <METHOD ID='W_BEST_LINEI#7' LINE='741' />
      <METHOD ID='A_EXACT_I' LINE='-1' />
      <METHOD ID='W_BEST_LINEI#8' LINE='741' />
      <METHOD ID='W_BEST_LINEI#1' LINE='741' />
      <METHOD ID='W_BEST_LINE#5' LINE='741' />
      <METHOD ID='W_BEST_LINEI#2' LINE='741' />
      <METHOD ID='W_BESTI_LINEI#10' LINE='-1' />
      <METHOD ID='W_BEST_LINE#4' LINE='741' />
      <METHOD ID='W_BEST_LINEI#3' LINE='-1' />
      <METHOD ID='W_BEST_LINE#7' LINE='741' />
      <METHOD ID='W_BEST_LINEI#4' LINE='741' />
      <METHOD ID='W_BEST_LINE#6' LINE='741' />
      <METHOD ID='W_BESTI_LINEI' LINE='741' />
      <METHOD ID='W_BEST_LINEI' LINE='741' />
      <METHOD ID='W_BESTI_AREAI' LINE='741' />
      <METHOD ID='A_NUMBER' LINE='1740' />
      <METHOD ID='A_SMART' LINE='741' />
      <METHOD ID='W_BEST_AREA' LINE='741' />
      <METHOD ID='W_BEST_LINEI#12' LINE='-1' />
      <METHOD ID='W_BEST_LINEI#11' LINE='-1' />
      <METHOD ID='W_BEST_LINEI#10' LINE='-1' />
      <METHOD ID='U_DIFF' LINE='1740' />
      <METHOD ID='W_BESTI_LINEI#8' LINE='741' />
      <METHOD ID='W_BESTI_LINEI#9' LINE='-1' />
      <METHOD ID='W_BESTI_LINEI#6' LINE='741' />
      <METHOD ID='W_BESTI_LINEI#7' LINE='741' />
      <METHOD ID='W_BESTI_LINEI#4' LINE='741' />
      <METHOD ID='W_BESTI_LINEI#5' LINE='741' />
      <METHOD ID='W_BESTI_LINEI#2' LINE='741' />
      <METHOD ID='W_BESTI_LINEI#3' LINE='-1' />
      <METHOD ID='W_BESTI_LINE' LINE='741' />
      <METHOD ID='W_BESTI_LINEI#1' LINE='741' />
      <METHOD ID='W_BEST_LINE#11' LINE='-1' />
      <METHOD ID='A_EXACT' LINE='-1' />
      <METHOD ID='W_BEST_LINE#12' LINE='-1' />
      <METHOD ID='W_BEST_LINE#10' LINE='-1' />
      <METHOD ID='W_BEST_LINE' LINE='741' />
      <METHOD ID='A_BEST' LINE='741' />
      <METHOD ID='A_NUMBER_EXACT' LINE='-1' />
      <METHOD ID='A_SMART_I' LINE='741' />
      <METHOD ID='A_BEST_I' LINE='741' />
      <METHOD ID='W_BESTI_LINE#5' LINE='741' />
      <METHOD ID='W_BESTI_LINE#6' LINE='741' />
      <METHOD ID='W_BESTI_LINE#7' LINE='741' />
      <METHOD ID='W_BESTI_LINE#8' LINE='741' />
      <METHOD ID='W_BESTI_LINE#9' LINE='-1' />
      <METHOD ID='W_BESTI_LINE#1' LINE='741' />
      <METHOD ID='W_BESTI_LINE#2' LINE='741' />
      <METHOD ID='W_BEST_AREAI' LINE='741' />
      <METHOD ID='W_BESTI_LINE#3' LINE='-1' />
      <METHOD ID='W_BESTI_LINE#4' LINE='741' />
    </LOCATION>
    <LOCATION ID='L_02' ORIG='1741' NEW='1751'>
      <METHOD ID='W_BESTI_LINE#12' LINE='-1' />
      <METHOD ID='W_BESTI_LINE#10' LINE='-1' />
      <METHOD ID='W_BESTI_LINEI#12' LINE='-1' />
      <METHOD ID='W_BESTI_LINE#11' LINE='-1' />
      <METHOD ID='W_BESTI_LINEI#11' LINE='-1' />
      <METHOD ID='C_LINE' LINE='-1' />
      <METHOD ID='W_BEST_LINE#1' LINE='742' />
      <METHOD ID='W_BEST_LINE#3' LINE='-1' />
      <METHOD ID='W_BEST_LINE#2' LINE='742' />
      <METHOD ID='W_BEST_LINEI#9' LINE='-1' />
      <METHOD ID='W_BEST_LINEI#5' LINE='742' />
      <METHOD ID='W_BEST_LINE#9' LINE='-1' />
      <METHOD ID='W_BEST_LINEI#6' LINE='742' />
      <METHOD ID='W_BEST_LINE#8' LINE='742' />
      <METHOD ID='W_BESTI_AREA' LINE='742' />
      <METHOD ID='W_BEST_LINEI#7' LINE='742' />
      <METHOD ID='A_EXACT_I' LINE='-1' />
      <METHOD ID='W_BEST_LINEI#8' LINE='742' />
      <METHOD ID='W_BEST_LINEI#1' LINE='742' />
      <METHOD ID='W_BEST_LINE#5' LINE='742' />
      <METHOD ID='W_BEST_LINEI#2' LINE='742' />
      <METHOD ID='W_BESTI_LINEI#10' LINE='-1' />
      <METHOD ID='W_BEST_LINE#4' LINE='742' />
      <METHOD ID='W_BEST_LINEI#3' LINE='-1' />
      <METHOD ID='W_BEST_LINE#7' LINE='742' />
      <METHOD ID='W_BEST_LINEI#4' LINE='742' />
      <METHOD ID='W_BEST_LINE#6' LINE='742' />
      <METHOD ID='W_BESTI_LINEI' LINE='742' />
      <METHOD ID='W_BEST_LINEI' LINE='742' />
      <METHOD ID='W_BESTI_AREAI' LINE='742' />
      <METHOD ID='A_NUMBER' LINE='1741' />
      <METHOD ID='A_SMART' LINE='742' />
      <METHOD ID='W_BEST_AREA' LINE='742' />
      <METHOD ID='W_BEST_LINEI#12' LINE='-1' />
      <METHOD ID='W_BEST_LINEI#11' LINE='-1' />
      <METHOD ID='W_BEST_LINEI#10' LINE='-1' />
      <METHOD ID='U_DIFF' LINE='1741' />
      <METHOD ID='W_BESTI_LINEI#8' LINE='742' />
      <METHOD ID='W_BESTI_LINEI#9' LINE='-1' />
      <METHOD ID='W_BESTI_LINEI#6' LINE='742' />
      <METHOD ID='W_BESTI_LINEI#7' LINE='742' />
      <METHOD ID='W_BESTI_LINEI#4' LINE='742' />
      <METHOD ID='W_BESTI_LINEI#5' LINE='742' />
      <METHOD ID='W_BESTI_LINEI#2' LINE='742' />
      <METHOD ID='W_BESTI_LINEI#3' LINE='-1' />
      <METHOD ID='W_BESTI_LINE' LINE='742' />
      <METHOD ID='W_BESTI_LINEI#1' LINE='742' />
      <METHOD ID='W_BEST_LINE#11' LINE='-1' />
      <METHOD ID='A_EXACT' LINE='-1' />
      <METHOD ID='W_BEST_LINE#12' LINE='-1' />
      <METHOD ID='W_BEST_LINE#10' LINE='-1' />
      <METHOD ID='W_BEST_LINE' LINE='742' />
      <METHOD ID='A_BEST' LINE='742' />
      <METHOD ID='A_NUMBER_EXACT' LINE='-1' />
      <METHOD ID='A_SMART_I' LINE='742' />
      <METHOD ID='A_BEST_I' LINE='742' />
      <METHOD ID='W_BESTI_LINE#5' LINE='742' />
      <METHOD ID='W_BESTI_LINE#6' LINE='742' />
      <METHOD ID='W_BESTI_LINE#7' LINE='742' />
      <METHOD ID='W_BESTI_LINE#8' LINE='742' />
      <METHOD ID='W_BESTI_LINE#9' LINE='-1' />
      <METHOD ID='W_BESTI_LINE#1' LINE='742' />
      <METHOD ID='W_BESTI_LINE#2' LINE='742' />
      <METHOD ID='W_BEST_AREAI' LINE='742' />
      <METHOD ID='W_BESTI_LINE#3' LINE='-1' />
      <METHOD ID='W_BESTI_LINE#4' LINE='742' />
    </LOCATION>
    <LOCATION ID='L_03' ORIG='1744' NEW='1752'>
      <METHOD ID='W_BESTI_LINE#12' LINE='-1' />
      <METHOD ID='W_BESTI_LINE#10' LINE='-1' />
      <METHOD ID='W_BESTI_LINEI#12' LINE='-1' />
      <METHOD ID='W_BESTI_LINE#11' LINE='-1' />
      <METHOD ID='W_BESTI_LINEI#11' LINE='-1' />
      <METHOD ID='C_LINE' LINE='-1' />
      <METHOD ID='W_BEST_LINE#1' LINE='743' />
      <METHOD ID='W_BEST_LINE#3' LINE='-1' />
      <METHOD ID='W_BEST_LINE#2' LINE='743' />
      <METHOD ID='W_BEST_LINEI#9' LINE='-1' />
      <METHOD ID='W_BEST_LINEI#5' LINE='743' />
      <METHOD ID='W_BEST_LINE#9' LINE='-1' />
      <METHOD ID='W_BEST_LINEI#6' LINE='743' />
      <METHOD ID='W_BEST_LINE#8' LINE='743' />
      <METHOD ID='W_BESTI_AREA' LINE='743' />
      <METHOD ID='W_BEST_LINEI#7' LINE='743' />
      <METHOD ID='A_EXACT_I' LINE='743' />
      <METHOD ID='W_BEST_LINEI#8' LINE='743' />
      <METHOD ID='W_BEST_LINEI#1' LINE='743' />
      <METHOD ID='W_BEST_LINE#5' LINE='743' />
      <METHOD ID='W_BEST_LINEI#2' LINE='743' />
      <METHOD ID='W_BESTI_LINEI#10' LINE='-1' />
      <METHOD ID='W_BEST_LINE#4' LINE='743' />
      <METHOD ID='W_BEST_LINEI#3' LINE='-1' />
      <METHOD ID='W_BEST_LINE#7' LINE='743' />
      <METHOD ID='W_BEST_LINEI#4' LINE='743' />
      <METHOD ID='W_BEST_LINE#6' LINE='743' />
      <METHOD ID='W_BESTI_LINEI' LINE='743' />
      <METHOD ID='W_BEST_LINEI' LINE='743' />
      <METHOD ID='W_BESTI_AREAI' LINE='743' />
      <METHOD ID='A_NUMBER' LINE='1744' />
      <METHOD ID='A_SMART' LINE='743' />
      <METHOD ID='W_BEST_AREA' LINE='743' />
      <METHOD ID='W_BEST_LINEI#12' LINE='-1' />
      <METHOD ID='W_BEST_LINEI#11' LINE='-1' />
      <METHOD ID='W_BEST_LINEI#10' LINE='-1' />
      <METHOD ID='U_DIFF' LINE='1744' />
      <METHOD ID='W_BESTI_LINEI#8' LINE='743' />
      <METHOD ID='W_BESTI_LINEI#9' LINE='743' />
      <METHOD ID='W_BESTI_LINEI#6' LINE='743' />
      <METHOD ID='W_BESTI_LINEI#7' LINE='743' />
      <METHOD ID='W_BESTI_LINEI#4' LINE='743' />
      <METHOD ID='W_BESTI_LINEI#5' LINE='743' />
      <METHOD ID='W_BESTI_LINEI#2' LINE='743' />
      <METHOD ID='W_BESTI_LINEI#3' LINE='-1' />
      <METHOD ID='W_BESTI_LINE' LINE='743' />
      <METHOD ID='W_BESTI_LINEI#1' LINE='743' />
      <METHOD ID='W_BEST_LINE#11' LINE='-1' />
      <METHOD ID='A_EXACT' LINE='-1' />
      <METHOD ID='W_BEST_LINE#12' LINE='-1' />
      <METHOD ID='W_BEST_LINE#10' LINE='-1' />
      <METHOD ID='W_BEST_LINE' LINE='743' />
      <METHOD ID='A_BEST' LINE='743' />
      <METHOD ID='A_NUMBER_EXACT' LINE='-1' />
      <METHOD ID='A_SMART_I' LINE='743' />
      <METHOD ID='A_BEST_I' LINE='743' />
      <METHOD ID='W_BESTI_LINE#5' LINE='743' />
      <METHOD ID='W_BESTI_LINE#6' LINE='743' />
      <METHOD ID='W_BESTI_LINE#7' LINE='743' />
      <METHOD ID='W_BESTI_LINE#8' LINE='743' />
      <METHOD ID='W_BESTI_LINE#9' LINE='743' />
      <METHOD ID='W_BESTI_LINE#1' LINE='743' />
      <METHOD ID='W_BESTI_LINE#2' LINE='743' />
      <METHOD ID='W_BEST_AREAI' LINE='743' />
      <METHOD ID='W_BESTI_LINE#3' LINE='-1' />
      <METHOD ID='W_BESTI_LINE#4' LINE='743' />
    </LOCATION>
    <LOCATION ID='L_04' ORIG='1745' NEW='1756'>
      <METHOD ID='W_BESTI_LINE#12' LINE='-1' />
      <METHOD ID='W_BESTI_LINE#10' LINE='-1' />
      <METHOD ID='W_BESTI_LINEI#12' LINE='-1' />
      <METHOD ID='W_BESTI_LINE#11' LINE='-1' />
      <METHOD ID='W_BESTI_LINEI#11' LINE='-1' />
      <METHOD ID='C_LINE' LINE='-1' />
      <METHOD ID='W_BEST_LINE#1' LINE='1756' />
      <METHOD ID='W_BEST_LINE#3' LINE='-1' />
      <METHOD ID='W_BEST_LINE#2' LINE='1756' />
      <METHOD ID='W_BEST_LINEI#9' LINE='-1' />
      <METHOD ID='W_BEST_LINEI#5' LINE='1756' />
      <METHOD ID='W_BEST_LINE#9' LINE='-1' />
      <METHOD ID='W_BEST_LINEI#6' LINE='1756' />
      <METHOD ID='W_BEST_LINE#8' LINE='1756' />
      <METHOD ID='W_BESTI_AREA' LINE='1756' />
      <METHOD ID='W_BEST_LINEI#7' LINE='1756' />
      <METHOD ID='A_EXACT_I' LINE='-1' />
      <METHOD ID='W_BEST_LINEI#8' LINE='1756' />
      <METHOD ID='W_BEST_LINEI#1' LINE='1756' />
      <METHOD ID='W_BEST_LINE#5' LINE='1756' />
      <METHOD ID='W_BEST_LINEI#2' LINE='1756' />
      <METHOD ID='W_BESTI_LINEI#10' LINE='-1' />
      <METHOD ID='W_BEST_LINE#4' LINE='1756' />
      <METHOD ID='W_BEST_LINEI#3' LINE='-1' />
      <METHOD ID='W_BEST_LINE#7' LINE='1756' />
      <METHOD ID='W_BEST_LINEI#4' LINE='1756' />
      <METHOD ID='W_BEST_LINE#6' LINE='1756' />
      <METHOD ID='W_BESTI_LINEI' LINE='1756' />
      <METHOD ID='W_BEST_LINEI' LINE='1756' />
      <METHOD ID='W_BESTI_AREAI' LINE='1756' />
      <METHOD ID='A_NUMBER' LINE='1745' />
      <METHOD ID='A_SMART' LINE='1756' />
      <METHOD ID='W_BEST_AREA' LINE='1756' />
      <METHOD ID='W_BEST_LINEI#12' LINE='-1' />
      <METHOD ID='W_BEST_LINEI#11' LINE='-1' />
      <METHOD ID='W_BEST_LINEI#10' LINE='-1' />
      <METHOD ID='U_DIFF' LINE='1745' />
      <METHOD ID='W_BESTI_LINEI#8' LINE='1756' />
      <METHOD ID='W_BESTI_LINEI#9' LINE='-1' />
      <METHOD ID='W_BESTI_LINEI#6' LINE='1756' />
      <METHOD ID='W_BESTI_LINEI#7' LINE='1756' />
      <METHOD ID='W_BESTI_LINEI#4' LINE='1756' />
      <METHOD ID='W_BESTI_LINEI#5' LINE='1756' />
      <METHOD ID='W_BESTI_LINEI#2' LINE='1756' />
      <METHOD ID='W_BESTI_LINEI#3' LINE='-1' />
      <METHOD ID='W_BESTI_LINE' LINE='1756' />
      <METHOD ID='W_BESTI_LINEI#1' LINE='1756' />
      <METHOD ID='W_BEST_LINE#11' LINE='-1' />
      <METHOD ID='A_EXACT' LINE='-1' />
      <METHOD ID='W_BEST_LINE#12' LINE='-1' />
      <METHOD ID='W_BEST_LINE#10' LINE='-1' />
      <METHOD ID='W_BEST_LINE' LINE='1756' />
      <METHOD ID='A_BEST' LINE='1756' />
      <METHOD ID='A_NUMBER_EXACT' LINE='-1' />
      <METHOD ID='A_SMART_I' LINE='1756' />
      <METHOD ID='A_BEST_I' LINE='1756' />
      <METHOD ID='W_BESTI_LINE#5' LINE='1756' />
      <METHOD ID='W_BESTI_LINE#6' LINE='1756' />
      <METHOD ID='W_BESTI_LINE#7' LINE='1756' />
      <METHOD ID='W_BESTI_LINE#8' LINE='1756' />
      <METHOD ID='W_BESTI_LINE#9' LINE='-1' />
      <METHOD ID='W_BESTI_LINE#1' LINE='1756' />
      <METHOD ID='W_BESTI_LINE#2' LINE='1756' />
      <METHOD ID='W_BEST_AREAI' LINE='1756' />
      <METHOD ID='W_BESTI_LINE#3' LINE='-1' />
      <METHOD ID='W_BESTI_LINE#4' LINE='1756' />
    </LOCATION>
    <LOCATION ID='L_05' ORIG='1746' NEW='1757'>
      <METHOD ID='W_BESTI_LINE#12' LINE='-1' />
      <METHOD ID='W_BESTI_LINE#10' LINE='-1' />
      <METHOD ID='W_BESTI_LINEI#12' LINE='-1' />
      <METHOD ID='W_BESTI_LINE#11' LINE='-1' />
      <METHOD ID='W_BESTI_LINEI#11' LINE='-1' />
      <METHOD ID='C_LINE' LINE='-1' />
      <METHOD ID='W_BEST_LINE#1' LINE='1757' />
      <METHOD ID='W_BEST_LINE#3' LINE='-1' />
      <METHOD ID='W_BEST_LINE#2' LINE='1757' />
      <METHOD ID='W_BEST_LINEI#9' LINE='-1' />
      <METHOD ID='W_BEST_LINEI#5' LINE='1757' />
      <METHOD ID='W_BEST_LINE#9' LINE='-1' />
      <METHOD ID='W_BEST_LINEI#6' LINE='1757' />
      <METHOD ID='W_BEST_LINE#8' LINE='1757' />
      <METHOD ID='W_BESTI_AREA' LINE='1757' />
      <METHOD ID='W_BEST_LINEI#7' LINE='1757' />
      <METHOD ID='A_EXACT_I' LINE='-1' />
      <METHOD ID='W_BEST_LINEI#8' LINE='1757' />
      <METHOD ID='W_BEST_LINEI#1' LINE='1757' />
      <METHOD ID='W_BEST_LINE#5' LINE='1757' />
      <METHOD ID='W_BEST_LINEI#2' LINE='1757' />
      <METHOD ID='W_BESTI_LINEI#10' LINE='-1' />
      <METHOD ID='W_BEST_LINE#4' LINE='1757' />
      <METHOD ID='W_BEST_LINEI#3' LINE='-1' />
      <METHOD ID='W_BEST_LINE#7' LINE='1757' />
      <METHOD ID='W_BEST_LINEI#4' LINE='1757' />
      <METHOD ID='W_BEST_LINE#6' LINE='1757' />
      <METHOD ID='W_BESTI_LINEI' LINE='1757' />
      <METHOD ID='W_BEST_LINEI' LINE='1757' />
      <METHOD ID='W_BESTI_AREAI' LINE='1757' />
      <METHOD ID='A_NUMBER' LINE='1746' />
      <METHOD ID='A_SMART' LINE='1757' />
      <METHOD ID='W_BEST_AREA' LINE='1757' />
      <METHOD ID='W_BEST_LINEI#12' LINE='-1' />
      <METHOD ID='W_BEST_LINEI#11' LINE='-1' />
      <METHOD ID='W_BEST_LINEI#10' LINE='-1' />
      <METHOD ID='U_DIFF' LINE='1746' />
      <METHOD ID='W_BESTI_LINEI#8' LINE='1757' />
      <METHOD ID='W_BESTI_LINEI#9' LINE='-1' />
      <METHOD ID='W_BESTI_LINEI#6' LINE='1757' />
      <METHOD ID='W_BESTI_LINEI#7' LINE='1757' />
      <METHOD ID='W_BESTI_LINEI#4' LINE='1757' />
      <METHOD ID='W_BESTI_LINEI#5' LINE='1757' />
      <METHOD ID='W_BESTI_LINEI#2' LINE='1757' />
      <METHOD ID='W_BESTI_LINEI#3' LINE='-1' />
      <METHOD ID='W_BESTI_LINE' LINE='1757' />
      <METHOD ID='W_BESTI_LINEI#1' LINE='1757' />
      <METHOD ID='W_BEST_LINE#11' LINE='-1' />
      <METHOD ID='A_EXACT' LINE='-1' />
      <METHOD ID='W_BEST_LINE#12' LINE='-1' />
      <METHOD ID='W_BEST_LINE#10' LINE='-1' />
      <METHOD ID='W_BEST_LINE' LINE='1757' />
      <METHOD ID='A_BEST' LINE='1757' />
      <METHOD ID='A_NUMBER_EXACT' LINE='-1' />
      <METHOD ID='A_SMART_I' LINE='1757' />
      <METHOD ID='A_BEST_I' LINE='1757' />
      <METHOD ID='W_BESTI_LINE#5' LINE='1757' />
      <METHOD ID='W_BESTI_LINE#6' LINE='1757' />
      <METHOD ID='W_BESTI_LINE#7' LINE='1757' />
      <METHOD ID='W_BESTI_LINE#8' LINE='1757' />
      <METHOD ID='W_BESTI_LINE#9' LINE='-1' />
      <METHOD ID='W_BESTI_LINE#1' LINE='1757' />
      <METHOD ID='W_BESTI_LINE#2' LINE='1757' />
      <METHOD ID='W_BEST_AREAI' LINE='1757' />
      <METHOD ID='W_BESTI_LINE#3' LINE='-1' />
      <METHOD ID='W_BESTI_LINE#4' LINE='1757' />
    </LOCATION>
    <LOCATION ID='L_06' ORIG='1747' NEW='-1'>
      <METHOD ID='W_BESTI_LINE#12' LINE='-1' />
      <METHOD ID='W_BESTI_LINE#10' LINE='-1' />
      <METHOD ID='W_BESTI_LINEI#12' LINE='-1' />
      <METHOD ID='W_BESTI_LINE#11' LINE='-1' />
      <METHOD ID='W_BESTI_LINEI#11' LINE='-1' />
      <METHOD ID='C_LINE' LINE='-1' />
      <METHOD ID='W_BEST_LINE#1' LINE='1409' />
      <METHOD ID='W_BEST_LINE#3' LINE='-1' />
      <METHOD ID='W_BEST_LINE#2' LINE='1409' />
      <METHOD ID='W_BEST_LINEI#9' LINE='-1' />
      <METHOD ID='W_BEST_LINEI#5' LINE='1409' />
      <METHOD ID='W_BEST_LINE#9' LINE='-1' />
      <METHOD ID='W_BEST_LINEI#6' LINE='1409' />
      <METHOD ID='W_BEST_LINE#8' LINE='1409' />
      <METHOD ID='W_BESTI_AREA' LINE='1409' />
      <METHOD ID='W_BEST_LINEI#7' LINE='1409' />
      <METHOD ID='A_EXACT_I' LINE='-1' />
      <METHOD ID='W_BEST_LINEI#8' LINE='1409' />
      <METHOD ID='W_BEST_LINEI#1' LINE='1409' />
      <METHOD ID='W_BEST_LINE#5' LINE='1409' />
      <METHOD ID='W_BEST_LINEI#2' LINE='1409' />
      <METHOD ID='W_BESTI_LINEI#10' LINE='-1' />
      <METHOD ID='W_BEST_LINE#4' LINE='1409' />
      <METHOD ID='W_BEST_LINEI#3' LINE='-1' />
      <METHOD ID='W_BEST_LINE#7' LINE='1409' />
      <METHOD ID='W_BEST_LINEI#4' LINE='1409' />
      <METHOD ID='W_BEST_LINE#6' LINE='1409' />
      <METHOD ID='W_BESTI_LINEI' LINE='1409' />
      <METHOD ID='W_BEST_LINEI' LINE='1409' />
      <METHOD ID='W_BESTI_AREAI' LINE='1409' />
      <METHOD ID='A_NUMBER' LINE='1747' />
      <METHOD ID='A_SMART' LINE='1409' />
      <METHOD ID='W_BEST_AREA' LINE='1409' />
      <METHOD ID='W_BEST_LINEI#12' LINE='-1' />
      <METHOD ID='W_BEST_LINEI#11' LINE='-1' />
      <METHOD ID='W_BEST_LINEI#10' LINE='-1' />
      <METHOD ID='U_DIFF' LINE='1747' />
      <METHOD ID='W_BESTI_LINEI#8' LINE='1409' />
      <METHOD ID='W_BESTI_LINEI#9' LINE='-1' />
      <METHOD ID='W_BESTI_LINEI#6' LINE='1409' />
      <METHOD ID='W_BESTI_LINEI#7' LINE='1409' />
      <METHOD ID='W_BESTI_LINEI#4' LINE='1409' />
      <METHOD ID='W_BESTI_LINEI#5' LINE='1409' />
      <METHOD ID='W_BESTI_LINEI#2' LINE='1409' />
      <METHOD ID='W_BESTI_LINEI#3' LINE='-1' />
      <METHOD ID='W_BESTI_LINE' LINE='1409' />
      <METHOD ID='W_BESTI_LINEI#1' LINE='1409' />
      <METHOD ID='W_BEST_LINE#11' LINE='-1' />
      <METHOD ID='A_EXACT' LINE='-1' />
      <METHOD ID='W_BEST_LINE#12' LINE='-1' />
      <METHOD ID='W_BEST_LINE#10' LINE='-1' />
      <METHOD ID='W_BEST_LINE' LINE='1409' />
      <METHOD ID='A_BEST' LINE='1409' />
      <METHOD ID='A_NUMBER_EXACT' LINE='-1' />
      <METHOD ID='A_SMART_I' LINE='1409' />
      <METHOD ID='A_BEST_I' LINE='1409' />
      <METHOD ID='W_BESTI_LINE#5' LINE='1409' />
      <METHOD ID='W_BESTI_LINE#6' LINE='1409' />
      <METHOD ID='W_BESTI_LINE#7' LINE='1409' />
      <METHOD ID='W_BESTI_LINE#8' LINE='1409' />
      <METHOD ID='W_BESTI_LINE#9' LINE='-1' />
      <METHOD ID='W_BESTI_LINE#1' LINE='1409' />
      <METHOD ID='W_BESTI_LINE#2' LINE='1409' />
      <METHOD ID='W_BEST_AREAI' LINE='1409' />
      <METHOD ID='W_BESTI_LINE#3' LINE='-1' />
      <METHOD ID='W_BESTI_LINE#4' LINE='1409' />
    </LOCATION>
    <LOCATION ID='L_07' ORIG='1748' NEW='1758'>
      <METHOD ID='W_BESTI_LINE#12' LINE='-1' />
      <METHOD ID='W_BESTI_LINE#10' LINE='-1' />
      <METHOD ID='W_BESTI_LINEI#12' LINE='-1' />
      <METHOD ID='W_BESTI_LINE#11' LINE='-1' />
      <METHOD ID='W_BESTI_LINEI#11' LINE='-1' />
      <METHOD ID='C_LINE' LINE='-1' />
      <METHOD ID='W_BEST_LINE#1' LINE='1758' />
      <METHOD ID='W_BEST_LINE#3' LINE='-1' />
      <METHOD ID='W_BEST_LINE#2' LINE='1758' />
      <METHOD ID='W_BEST_LINEI#9' LINE='1758' />
      <METHOD ID='W_BEST_LINEI#5' LINE='1758' />
      <METHOD ID='W_BEST_LINE#9' LINE='1758' />
      <METHOD ID='W_BEST_LINEI#6' LINE='1758' />
      <METHOD ID='W_BEST_LINE#8' LINE='1758' />
      <METHOD ID='W_BESTI_AREA' LINE='1758' />
      <METHOD ID='W_BEST_LINEI#7' LINE='1758' />
      <METHOD ID='A_EXACT_I' LINE='1758' />
      <METHOD ID='W_BEST_LINEI#8' LINE='1758' />
      <METHOD ID='W_BEST_LINEI#1' LINE='1758' />
      <METHOD ID='W_BEST_LINE#5' LINE='1758' />
      <METHOD ID='W_BEST_LINEI#2' LINE='1758' />
      <METHOD ID='W_BESTI_LINEI#10' LINE='-1' />
      <METHOD ID='W_BEST_LINE#4' LINE='1758' />
      <METHOD ID='W_BEST_LINEI#3' LINE='-1' />
      <METHOD ID='W_BEST_LINE#7' LINE='1758' />
      <METHOD ID='W_BEST_LINEI#4' LINE='1758' />
      <METHOD ID='W_BEST_LINE#6' LINE='1758' />
      <METHOD ID='W_BESTI_LINEI' LINE='1758' />
      <METHOD ID='W_BEST_LINEI' LINE='1758' />
      <METHOD ID='W_BESTI_AREAI' LINE='1758' />
      <METHOD ID='A_NUMBER' LINE='1748' />
      <METHOD ID='A_SMART' LINE='1758' />
      <METHOD ID='W_BEST_AREA' LINE='1758' />
      <METHOD ID='W_BEST_LINEI#12' LINE='-1' />
      <METHOD ID='W_BEST_LINEI#11' LINE='-1' />
      <METHOD ID='W_BEST_LINEI#10' LINE='-1' />
      <METHOD ID='U_DIFF' LINE='1748' />
      <METHOD ID='W_BESTI_LINEI#8' LINE='1758' />
      <METHOD ID='W_BESTI_LINEI#9' LINE='1758' />
      <METHOD ID='W_BESTI_LINEI#6' LINE='1758' />
      <METHOD ID='W_BESTI_LINEI#7' LINE='1758' />
      <METHOD ID='W_BESTI_LINEI#4' LINE='1758' />
      <METHOD ID='W_BESTI_LINEI#5' LINE='1758' />
      <METHOD ID='W_BESTI_LINEI#2' LINE='1758' />
      <METHOD ID='W_BESTI_LINEI#3' LINE='-1' />
      <METHOD ID='W_BESTI_LINE' LINE='1758' />
      <METHOD ID='W_BESTI_LINEI#1' LINE='1758' />
      <METHOD ID='W_BEST_LINE#11' LINE='-1' />
      <METHOD ID='A_EXACT' LINE='1758' />
      <METHOD ID='W_BEST_LINE#12' LINE='-1' />
      <METHOD ID='W_BEST_LINE#10' LINE='-1' />
      <METHOD ID='W_BEST_LINE' LINE='1758' />
      <METHOD ID='A_BEST' LINE='1758' />
      <METHOD ID='A_NUMBER_EXACT' LINE='1758' />
      <METHOD ID='A_SMART_I' LINE='1758' />
      <METHOD ID='A_BEST_I' LINE='1758' />
      <METHOD ID='W_BESTI_LINE#5' LINE='1758' />
      <METHOD ID='W_BESTI_LINE#6' LINE='1758' />
      <METHOD ID='W_BESTI_LINE#7' LINE='1758' />
      <METHOD ID='W_BESTI_LINE#8' LINE='1758' />
      <METHOD ID='W_BESTI_LINE#9' LINE='1758' />
      <METHOD ID='W_BESTI_LINE#1' LINE='1758' />
      <METHOD ID='W_BESTI_LINE#2' LINE='1758' />
      <METHOD ID='W_BEST_AREAI' LINE='1758' />
      <METHOD ID='W_BESTI_LINE#3' LINE='-1' />
      <METHOD ID='W_BESTI_LINE#4' LINE='1758' />
    </LOCATION>
    <LOCATION ID='L_08' ORIG='1749' NEW='1759'>
      <METHOD ID='W_BESTI_LINE#12' LINE='-1' />
      <METHOD ID='W_BESTI_LINE#10' LINE='1759' />
      <METHOD ID='W_BESTI_LINEI#12' LINE='-1' />
      <METHOD ID='W_BESTI_LINE#11' LINE='-1' />
      <METHOD ID='W_BESTI_LINEI#11' LINE='-1' />
      <METHOD ID='C_LINE' LINE='1759' />
      <METHOD ID='W_BEST_LINE#1' LINE='1759' />
      <METHOD ID='W_BEST_LINE#3' LINE='1759' />
      <METHOD ID='W_BEST_LINE#2' LINE='1759' />
      <METHOD ID='W_BEST_LINEI#9' LINE='1759' />
      <METHOD ID='W_BEST_LINEI#5' LINE='1759' />
      <METHOD ID='W_BEST_LINE#9' LINE='1759' />
      <METHOD ID='W_BEST_LINEI#6' LINE='1759' />
      <METHOD ID='W_BEST_LINE#8' LINE='1759' />
      <METHOD ID='W_BESTI_AREA' LINE='1759' />
      <METHOD ID='W_BEST_LINEI#7' LINE='1759' />
      <METHOD ID='A_EXACT_I' LINE='-1' />
      <METHOD ID='W_BEST_LINEI#8' LINE='1759' />
      <METHOD ID='W_BEST_LINEI#1' LINE='1759' />
      <METHOD ID='W_BEST_LINE#5' LINE='1759' />
      <METHOD ID='W_BEST_LINEI#2' LINE='1759' />
      <METHOD ID='W_BESTI_LINEI#10' LINE='1759' />
      <METHOD ID='W_BEST_LINE#4' LINE='1759' />
      <METHOD ID='W_BEST_LINEI#3' LINE='1759' />
      <METHOD ID='W_BEST_LINE#7' LINE='1759' />
      <METHOD ID='W_BEST_LINEI#4' LINE='1759' />
      <METHOD ID='W_BEST_LINE#6' LINE='1759' />
      <METHOD ID='W_BESTI_LINEI' LINE='1759' />
      <METHOD ID='W_BEST_LINEI' LINE='1759' />
      <METHOD ID='W_BESTI_AREAI' LINE='1759' />
      <METHOD ID='A_NUMBER' LINE='1749' />
      <METHOD ID='A_SMART' LINE='1759' />
      <METHOD ID='W_BEST_AREA' LINE='1759' />
      <METHOD ID='W_BEST_LINEI#12' LINE='-1' />
      <METHOD ID='W_BEST_LINEI#11' LINE='-1' />
      <METHOD ID='W_BEST_LINEI#10' LINE='1759' />
      <METHOD ID='U_DIFF' LINE='1749' />
      <METHOD ID='W_BESTI_LINEI#8' LINE='1759' />
      <METHOD ID='W_BESTI_LINEI#9' LINE='1759' />
      <METHOD ID='W_BESTI_LINEI#6' LINE='1759' />
      <METHOD ID='W_BESTI_LINEI#7' LINE='1759' />
      <METHOD ID='W_BESTI_LINEI#4' LINE='1759' />
      <METHOD ID='W_BESTI_LINEI#5' LINE='1759' />
      <METHOD ID='W_BESTI_LINEI#2' LINE='1759' />
      <METHOD ID='W_BESTI_LINEI#3' LINE='1759' />
      <METHOD ID='W_BESTI_LINE' LINE='1759' />
      <METHOD ID='W_BESTI_LINEI#1' LINE='1759' />
      <METHOD ID='W_BEST_LINE#11' LINE='-1' />
      <METHOD ID='A_EXACT' LINE='-1' />
      <METHOD ID='W_BEST_LINE#12' LINE='-1' />
      <METHOD ID='W_BEST_LINE#10' LINE='1759' />
      <METHOD ID='W_BEST_LINE' LINE='1759' />
      <METHOD ID='A_BEST' LINE='1759' />
      <METHOD ID='A_NUMBER_EXACT' LINE='-1' />
      <METHOD ID='A_SMART_I' LINE='1759' />
      <METHOD ID='A_BEST_I' LINE='1759' />
      <METHOD ID='W_BESTI_LINE#5' LINE='1759' />
      <METHOD ID='W_BESTI_LINE#6' LINE='1759' />
      <METHOD ID='W_BESTI_LINE#7' LINE='1759' />
      <METHOD ID='W_BESTI_LINE#8' LINE='1759' />
      <METHOD ID='W_BESTI_LINE#9' LINE='1759' />
      <METHOD ID='W_BESTI_LINE#1' LINE='1759' />
      <METHOD ID='W_BESTI_LINE#2' LINE='1759' />
      <METHOD ID='W_BEST_AREAI' LINE='1759' />
      <METHOD ID='W_BESTI_LINE#3' LINE='1759' />
      <METHOD ID='W_BESTI_LINE#4' LINE='1759' />
    </LOCATION>
    <LOCATION ID='L_09' ORIG='1750' NEW='1760'>
      <METHOD ID='W_BESTI_LINE#12' LINE='-1' />
      <METHOD ID='W_BESTI_LINE#10' LINE='1760' />
      <METHOD ID='W_BESTI_LINEI#12' LINE='-1' />
      <METHOD ID='W_BESTI_LINE#11' LINE='1760' />
      <METHOD ID='W_BESTI_LINEI#11' LINE='1760' />
      <METHOD ID='C_LINE' LINE='1760' />
      <METHOD ID='W_BEST_LINE#1' LINE='1760' />
      <METHOD ID='W_BEST_LINE#3' LINE='1760' />
      <METHOD ID='W_BEST_LINE#2' LINE='1760' />
      <METHOD ID='W_BEST_LINEI#9' LINE='1760' />
      <METHOD ID='W_BEST_LINEI#5' LINE='1760' />
      <METHOD ID='W_BEST_LINE#9' LINE='1760' />
      <METHOD ID='W_BEST_LINEI#6' LINE='1760' />
      <METHOD ID='W_BEST_LINE#8' LINE='1760' />
      <METHOD ID='W_BESTI_AREA' LINE='1409' />
      <METHOD ID='W_BEST_LINEI#7' LINE='1760' />
      <METHOD ID='A_EXACT_I' LINE='-1' />
      <METHOD ID='W_BEST_LINEI#8' LINE='1760' />
      <METHOD ID='W_BEST_LINEI#1' LINE='1760' />
      <METHOD ID='W_BEST_LINE#5' LINE='1760' />
      <METHOD ID='W_BEST_LINEI#2' LINE='1760' />
      <METHOD ID='W_BESTI_LINEI#10' LINE='1760' />
      <METHOD ID='W_BEST_LINE#4' LINE='1760' />
      <METHOD ID='W_BEST_LINEI#3' LINE='1760' />
      <METHOD ID='W_BEST_LINE#7' LINE='1760' />
      <METHOD ID='W_BEST_LINEI#4' LINE='1760' />
      <METHOD ID='W_BEST_LINE#6' LINE='1760' />
      <METHOD ID='W_BESTI_LINEI' LINE='1760' />
      <METHOD ID='W_BEST_LINEI' LINE='1760' />
      <METHOD ID='W_BESTI_AREAI' LINE='1409' />
      <METHOD ID='A_NUMBER' LINE='1750' />
      <METHOD ID='A_SMART' LINE='1409' />
      <METHOD ID='W_BEST_AREA' LINE='1409' />
      <METHOD ID='W_BEST_LINEI#12' LINE='-1' />
      <METHOD ID='W_BEST_LINEI#11' LINE='1760' />
      <METHOD ID='W_BEST_LINEI#10' LINE='1760' />
      <METHOD ID='U_DIFF' LINE='1750' />
      <METHOD ID='W_BESTI_LINEI#8' LINE='1760' />
      <METHOD ID='W_BESTI_LINEI#9' LINE='1760' />
      <METHOD ID='W_BESTI_LINEI#6' LINE='1760' />
      <METHOD ID='W_BESTI_LINEI#7' LINE='1760' />
      <METHOD ID='W_BESTI_LINEI#4' LINE='1760' />
      <METHOD ID='W_BESTI_LINEI#5' LINE='1760' />
      <METHOD ID='W_BESTI_LINEI#2' LINE='1760' />
      <METHOD ID='W_BESTI_LINEI#3' LINE='1760' />
      <METHOD ID='W_BESTI_LINE' LINE='1760' />
      <METHOD ID='W_BESTI_LINEI#1' LINE='1760' />
      <METHOD ID='W_BEST_LINE#11' LINE='1760' />
      <METHOD ID='A_EXACT' LINE='-1' />
      <METHOD ID='W_BEST_LINE#12' LINE='-1' />
      <METHOD ID='W_BEST_LINE#10' LINE='1760' />
      <METHOD ID='W_BEST_LINE' LINE='1760' />
      <METHOD ID='A_BEST' LINE='1409' />
      <METHOD ID='A_NUMBER_EXACT' LINE='-1' />
      <METHOD ID='A_SMART_I' LINE='1409' />
      <METHOD ID='A_BEST_I' LINE='1409' />
      <METHOD ID='W_BESTI_LINE#5' LINE='1760' />
      <METHOD ID='W_BESTI_LINE#6' LINE='1760' />
      <METHOD ID='W_BESTI_LINE#7' LINE='1760' />
      <METHOD ID='W_BESTI_LINE#8' LINE='1760' />
      <METHOD ID='W_BESTI_LINE#9' LINE='1760' />
      <METHOD ID='W_BESTI_LINE#1' LINE='1760' />
      <METHOD ID='W_BESTI_LINE#2' LINE='1760' />
      <METHOD ID='W_BEST_AREAI' LINE='1409' />
      <METHOD ID='W_BESTI_LINE#3' LINE='1760' />
      <METHOD ID='W_BESTI_LINE#4' LINE='1760' />
    </LOCATION>
    <LOCATION ID='L_10' ORIG='1751' NEW='1761'>
      <METHOD ID='W_BESTI_LINE#12' LINE='-1' />
      <METHOD ID='W_BESTI_LINE#10' LINE='1761' />
      <METHOD ID='W_BESTI_LINEI#12' LINE='-1' />
      <METHOD ID='W_BESTI_LINE#11' LINE='1761' />
      <METHOD ID='W_BESTI_LINEI#11' LINE='1761' />
      <METHOD ID='C_LINE' LINE='1761' />
      <METHOD ID='W_BEST_LINE#1' LINE='1761' />
      <METHOD ID='W_BEST_LINE#3' LINE='1761' />
      <METHOD ID='W_BEST_LINE#2' LINE='1761' />
      <METHOD ID='W_BEST_LINEI#9' LINE='1761' />
      <METHOD ID='W_BEST_LINEI#5' LINE='1761' />
      <METHOD ID='W_BEST_LINE#9' LINE='1761' />
      <METHOD ID='W_BEST_LINEI#6' LINE='1761' />
      <METHOD ID='W_BEST_LINE#8' LINE='1761' />
      <METHOD ID='W_BESTI_AREA' LINE='1761' />
      <METHOD ID='W_BEST_LINEI#7' LINE='1761' />
      <METHOD ID='A_EXACT_I' LINE='1761' />
      <METHOD ID='W_BEST_LINEI#8' LINE='1761' />
      <METHOD ID='W_BEST_LINEI#1' LINE='1761' />
      <METHOD ID='W_BEST_LINE#5' LINE='1761' />
      <METHOD ID='W_BEST_LINEI#2' LINE='1761' />
      <METHOD ID='W_BESTI_LINEI#10' LINE='1761' />
      <METHOD ID='W_BEST_LINE#4' LINE='1761' />
      <METHOD ID='W_BEST_LINEI#3' LINE='1761' />
      <METHOD ID='W_BEST_LINE#7' LINE='1761' />
      <METHOD ID='W_BEST_LINEI#4' LINE='1761' />
      <METHOD ID='W_BEST_LINE#6' LINE='1761' />
      <METHOD ID='W_BESTI_LINEI' LINE='1761' />
      <METHOD ID='W_BEST_LINEI' LINE='1761' />
      <METHOD ID='W_BESTI_AREAI' LINE='1761' />
      <METHOD ID='A_NUMBER' LINE='1751' />
      <METHOD ID='A_SMART' LINE='1761' />
      <METHOD ID='W_BEST_AREA' LINE='1761' />
      <METHOD ID='W_BEST_LINEI#12' LINE='-1' />
      <METHOD ID='W_BEST_LINEI#11' LINE='1761' />
      <METHOD ID='W_BEST_LINEI#10' LINE='1761' />
      <METHOD ID='U_DIFF' LINE='1751' />
      <METHOD ID='W_BESTI_LINEI#8' LINE='1761' />
      <METHOD ID='W_BESTI_LINEI#9' LINE='1761' />
      <METHOD ID='W_BESTI_LINEI#6' LINE='1761' />
      <METHOD ID='W_BESTI_LINEI#7' LINE='1761' />
      <METHOD ID='W_BESTI_LINEI#4' LINE='1761' />
      <METHOD ID='W_BESTI_LINEI#5' LINE='1761' />
      <METHOD ID='W_BESTI_LINEI#2' LINE='1761' />
      <METHOD ID='W_BESTI_LINEI#3' LINE='1761' />
      <METHOD ID='W_BESTI_LINE' LINE='1761' />
      <METHOD ID='W_BESTI_LINEI#1' LINE='1761' />
      <METHOD ID='W_BEST_LINE#11' LINE='1761' />
      <METHOD ID='A_EXACT' LINE='1761' />
      <METHOD ID='W_BEST_LINE#12' LINE='-1' />
      <METHOD ID='W_BEST_LINE#10' LINE='1761' />
      <METHOD ID='W_BEST_LINE' LINE='1761' />
      <METHOD ID='A_BEST' LINE='1761' />
      <METHOD ID='A_NUMBER_EXACT' LINE='1761' />
      <METHOD ID='A_SMART_I' LINE='1761' />
      <METHOD ID='A_BEST_I' LINE='1761' />
      <METHOD ID='W_BESTI_LINE#5' LINE='1761' />
      <METHOD ID='W_BESTI_LINE#6' LINE='1761' />
      <METHOD ID='W_BESTI_LINE#7' LINE='1761' />
      <METHOD ID='W_BESTI_LINE#8' LINE='1761' />
      <METHOD ID='W_BESTI_LINE#9' LINE='1761' />
      <METHOD ID='W_BESTI_LINE#1' LINE='1761' />
      <METHOD ID='W_BESTI_LINE#2' LINE='1761' />
      <METHOD ID='W_BEST_AREAI' LINE='1761' />
      <METHOD ID='W_BESTI_LINE#3' LINE='1761' />
      <METHOD ID='W_BESTI_LINE#4' LINE='1761' />
    </LOCATION>
  </VERSION>
  <SCORES>
    <SCORE METHOD='A_BEST' CORRECT='5' CHANGE='5' ELIM='0' SPURRIOUS='1' IDSWRONG='6' AVGTIME='135.0' />
    <SCORE METHOD='A_BEST_I' CORRECT='5' CHANGE='5' ELIM='0' SPURRIOUS='1' IDSWRONG='6' AVGTIME='128.0' />
    <SCORE METHOD='A_EXACT' CORRECT='3' CHANGE='0' ELIM='8' SPURRIOUS='0' IDSWRONG='8' AVGTIME='0.0' />
    <SCORE METHOD='A_EXACT_I' CORRECT='3' CHANGE='1' ELIM='7' SPURRIOUS='0' IDSWRONG='8' AVGTIME='0.0' />
    <SCORE METHOD='A_NUMBER' CORRECT='0' CHANGE='10' ELIM='0' SPURRIOUS='1' IDSWRONG='11' AVGTIME='1.0' />
    <SCORE METHOD='A_NUMBER_EXACT' CORRECT='3' CHANGE='0' ELIM='8' SPURRIOUS='0' IDSWRONG='8' AVGTIME='4.0' />
    <SCORE METHOD='A_SMART' CORRECT='5' CHANGE='5' ELIM='0' SPURRIOUS='1' IDSWRONG='6' AVGTIME='214.0' />
    <SCORE METHOD='A_SMART_I' CORRECT='5' CHANGE='5' ELIM='0' SPURRIOUS='1' IDSWRONG='6' AVGTIME='206.0' />
    <SCORE METHOD='C_LINE' CORRECT='4' CHANGE='0' ELIM='7' SPURRIOUS='0' IDSWRONG='7' AVGTIME='0.0' />
    <SCORE METHOD='U_DIFF' CORRECT='0' CHANGE='10' ELIM='0' SPURRIOUS='1' IDSWRONG='11' AVGTIME='4.0' />
    <SCORE METHOD='W_BESTI_AREA' CORRECT='5' CHANGE='5' ELIM='0' SPURRIOUS='1' IDSWRONG='6' AVGTIME='130.0' />
    <SCORE METHOD='W_BESTI_AREAI' CORRECT='5' CHANGE='5' ELIM='0' SPURRIOUS='1' IDSWRONG='6' AVGTIME='143.0' />
    <SCORE METHOD='W_BESTI_LINE' CORRECT='6' CHANGE='4' ELIM='0' SPURRIOUS='1' IDSWRONG='5' AVGTIME='140.0' />
    <SCORE METHOD='W_BESTI_LINE#1' CORRECT='6' CHANGE='4' ELIM='0' SPURRIOUS='1' IDSWRONG='5' AVGTIME='127.0' />
    <SCORE METHOD='W_BESTI_LINE#10' CORRECT='4' CHANGE='0' ELIM='7' SPURRIOUS='0' IDSWRONG='7' AVGTIME='130.0' />
    <SCORE METHOD='W_BESTI_LINE#11' CORRECT='3' CHANGE='0' ELIM='8' SPURRIOUS='0' IDSWRONG='8' AVGTIME='126.0' />
    <SCORE METHOD='W_BESTI_LINE#12' CORRECT='1' CHANGE='0' ELIM='10' SPURRIOUS='0' IDSWRONG='10' AVGTIME='127.0' />
    <SCORE METHOD='W_BESTI_LINE#2' CORRECT='6' CHANGE='4' ELIM='0' SPURRIOUS='1' IDSWRONG='5' AVGTIME='130.0' />
    <SCORE METHOD='W_BESTI_LINE#3' CORRECT='4' CHANGE='0' ELIM='7' SPURRIOUS='0' IDSWRONG='7' AVGTIME='126.0' />
    <SCORE METHOD='W_BESTI_LINE#4' CORRECT='6' CHANGE='4' ELIM='0' SPURRIOUS='1' IDSWRONG='5' AVGTIME='130.0' />
    <SCORE METHOD='W_BESTI_LINE#5' CORRECT='6' CHANGE='4' ELIM='0' SPURRIOUS='1' IDSWRONG='5' AVGTIME='127.0' />
    <SCORE METHOD='W_BESTI_LINE#6' CORRECT='6' CHANGE='4' ELIM='0' SPURRIOUS='1' IDSWRONG='5' AVGTIME='128.0' />
    <SCORE METHOD='W_BESTI_LINE#7' CORRECT='6' CHANGE='4' ELIM='0' SPURRIOUS='1' IDSWRONG='5' AVGTIME='127.0' />
    <SCORE METHOD='W_BESTI_LINE#8' CORRECT='6' CHANGE='4' ELIM='0' SPURRIOUS='1' IDSWRONG='5' AVGTIME='130.0' />
    <SCORE METHOD='W_BESTI_LINE#9' CORRECT='5' CHANGE='1' ELIM='5' SPURRIOUS='0' IDSWRONG='6' AVGTIME='127.0' />
    <SCORE METHOD='W_BESTI_LINEI' CORRECT='6' CHANGE='4' ELIM='0' SPURRIOUS='1' IDSWRONG='5' AVGTIME='136.0' />
    <SCORE METHOD='W_BESTI_LINEI#1' CORRECT='6' CHANGE='4' ELIM='0' SPURRIOUS='1' IDSWRONG='5' AVGTIME='138.0' />
    <SCORE METHOD='W_BESTI_LINEI#10' CORRECT='4' CHANGE='0' ELIM='7' SPURRIOUS='0' IDSWRONG='7' AVGTIME='137.0' />
    <SCORE METHOD='W_BESTI_LINEI#11' CORRECT='3' CHANGE='0' ELIM='8' SPURRIOUS='0' IDSWRONG='8' AVGTIME='138.0' />
    <SCORE METHOD='W_BESTI_LINEI#12' CORRECT='1' CHANGE='0' ELIM='10' SPURRIOUS='0' IDSWRONG='10' AVGTIME='144.0' />
    <SCORE METHOD='W_BESTI_LINEI#2' CORRECT='6' CHANGE='4' ELIM='0' SPURRIOUS='1' IDSWRONG='5' AVGTIME='148.0' />
    <SCORE METHOD='W_BESTI_LINEI#3' CORRECT='4' CHANGE='0' ELIM='7' SPURRIOUS='0' IDSWRONG='7' AVGTIME='138.0' />
    <SCORE METHOD='W_BESTI_LINEI#4' CORRECT='6' CHANGE='4' ELIM='0' SPURRIOUS='1' IDSWRONG='5' AVGTIME='135.0' />
    <SCORE METHOD='W_BESTI_LINEI#5' CORRECT='6' CHANGE='4' ELIM='0' SPURRIOUS='1' IDSWRONG='5' AVGTIME='142.0' />
    <SCORE METHOD='W_BESTI_LINEI#6' CORRECT='6' CHANGE='4' ELIM='0' SPURRIOUS='1' IDSWRONG='5' AVGTIME='143.0' />
    <SCORE METHOD='W_BESTI_LINEI#7' CORRECT='6' CHANGE='4' ELIM='0' SPURRIOUS='1' IDSWRONG='5' AVGTIME='140.0' />
    <SCORE METHOD='W_BESTI_LINEI#8' CORRECT='6' CHANGE='4' ELIM='0' SPURRIOUS='1' IDSWRONG='5' AVGTIME='138.0' />
    <SCORE METHOD='W_BESTI_LINEI#9' CORRECT='5' CHANGE='1' ELIM='5' SPURRIOUS='0' IDSWRONG='6' AVGTIME='148.0' />
    <SCORE METHOD='W_BEST_AREA' CORRECT='5' CHANGE='5' ELIM='0' SPURRIOUS='1' IDSWRONG='6' AVGTIME='134.0' />
    <SCORE METHOD='W_BEST_AREAI' CORRECT='5' CHANGE='5' ELIM='0' SPURRIOUS='1' IDSWRONG='6' AVGTIME='153.0' />
    <SCORE METHOD='W_BEST_LINE' CORRECT='6' CHANGE='4' ELIM='0' SPURRIOUS='1' IDSWRONG='5' AVGTIME='136.0' />
    <SCORE METHOD='W_BEST_LINE#1' CORRECT='6' CHANGE='4' ELIM='0' SPURRIOUS='1' IDSWRONG='5' AVGTIME='136.0' />
    <SCORE METHOD='W_BEST_LINE#10' CORRECT='4' CHANGE='0' ELIM='7' SPURRIOUS='0' IDSWRONG='7' AVGTIME='130.0' />
    <SCORE METHOD='W_BEST_LINE#11' CORRECT='3' CHANGE='0' ELIM='8' SPURRIOUS='0' IDSWRONG='8' AVGTIME='140.0' />
    <SCORE METHOD='W_BEST_LINE#12' CORRECT='1' CHANGE='0' ELIM='10' SPURRIOUS='0' IDSWRONG='10' AVGTIME='135.0' />
    <SCORE METHOD='W_BEST_LINE#2' CORRECT='6' CHANGE='4' ELIM='0' SPURRIOUS='1' IDSWRONG='5' AVGTIME='130.0' />
    <SCORE METHOD='W_BEST_LINE#3' CORRECT='4' CHANGE='0' ELIM='7' SPURRIOUS='0' IDSWRONG='7' AVGTIME='135.0' />
    <SCORE METHOD='W_BEST_LINE#4' CORRECT='6' CHANGE='4' ELIM='0' SPURRIOUS='1' IDSWRONG='5' AVGTIME='133.0' />
    <SCORE METHOD='W_BEST_LINE#5' CORRECT='6' CHANGE='4' ELIM='0' SPURRIOUS='1' IDSWRONG='5' AVGTIME='133.0' />
    <SCORE METHOD='W_BEST_LINE#6' CORRECT='6' CHANGE='4' ELIM='0' SPURRIOUS='1' IDSWRONG='5' AVGTIME='130.0' />
    <SCORE METHOD='W_BEST_LINE#7' CORRECT='6' CHANGE='4' ELIM='0' SPURRIOUS='1' IDSWRONG='5' AVGTIME='130.0' />
    <SCORE METHOD='W_BEST_LINE#8' CORRECT='6' CHANGE='4' ELIM='0' SPURRIOUS='1' IDSWRONG='5' AVGTIME='133.0' />
    <SCORE METHOD='W_BEST_LINE#9' CORRECT='5' CHANGE='0' ELIM='6' SPURRIOUS='0' IDSWRONG='6' AVGTIME='133.0' />
    <SCORE METHOD='W_BEST_LINEI' CORRECT='6' CHANGE='4' ELIM='0' SPURRIOUS='1' IDSWRONG='5' AVGTIME='142.0' />
    <SCORE METHOD='W_BEST_LINEI#1' CORRECT='6' CHANGE='4' ELIM='0' SPURRIOUS='1' IDSWRONG='5' AVGTIME='141.0' />
    <SCORE METHOD='W_BEST_LINEI#10' CORRECT='4' CHANGE='0' ELIM='7' SPURRIOUS='0' IDSWRONG='7' AVGTIME='141.0' />
    <SCORE METHOD='W_BEST_LINEI#11' CORRECT='3' CHANGE='0' ELIM='8' SPURRIOUS='0' IDSWRONG='8' AVGTIME='150.0' />
    <SCORE METHOD='W_BEST_LINEI#12' CORRECT='1' CHANGE='0' ELIM='10' SPURRIOUS='0' IDSWRONG='10' AVGTIME='142.0' />
    <SCORE METHOD='W_BEST_LINEI#2' CORRECT='6' CHANGE='4' ELIM='0' SPURRIOUS='1' IDSWRONG='5' AVGTIME='145.0' />
    <SCORE METHOD='W_BEST_LINEI#3' CORRECT='4' CHANGE='0' ELIM='7' SPURRIOUS='0' IDSWRONG='7' AVGTIME='156.0' />
    <SCORE METHOD='W_BEST_LINEI#4' CORRECT='6' CHANGE='4' ELIM='0' SPURRIOUS='1' IDSWRONG='5' AVGTIME='148.0' />
    <SCORE METHOD='W_BEST_LINEI#5' CORRECT='6' CHANGE='4' ELIM='0' SPURRIOUS='1' IDSWRONG='5' AVGTIME='148.0' />
    <SCORE METHOD='W_BEST_LINEI#6' CORRECT='6' CHANGE='4' ELIM='0' SPURRIOUS='1' IDSWRONG='5' AVGTIME='144.0' />
    <SCORE METHOD='W_BEST_LINEI#7' CORRECT='6' CHANGE='4' ELIM='0' SPURRIOUS='1' IDSWRONG='5' AVGTIME='142.0' />
    <SCORE METHOD='W_BEST_LINEI#8' CORRECT='6' CHANGE='4' ELIM='0' SPURRIOUS='1' IDSWRONG='5' AVGTIME='142.0' />
    <SCORE METHOD='W_BEST_LINEI#9' CORRECT='5' CHANGE='0' ELIM='6' SPURRIOUS='0' IDSWRONG='6' AVGTIME='150.0' />
  </SCORES>
</LIMBOTEST>
