<LIMBOTEST>
  <METHODS>
    <METHOD ID='A_BEST'>[(BestMatch_1.0_0.85_false @ 1.0)/-1.0]</METHOD>
    <METHOD ID='A_BEST_I'>[(BestMatch_1.0_0.85_true @ 1.0)/-1.0]</METHOD>
    <METHOD ID='A_EXACT'>[(LineHash_false @ 1.0)/-1.0]</METHOD>
    <METHOD ID='A_EXACT_I'>[(LineHash_true @ 1.0)/-1.0]</METHOD>
    <METHOD ID='A_NUMBER'>[(LineNumber_1.0 @ 1.0)/-1.0]</METHOD>
    <METHOD ID='A_NUMBER_EXACT'>[(LineHash_false @ 1.0)(LineNumber_1.0 @ 0.1)/-1.0]</METHOD>
    <METHOD ID='A_SMART'>[(SmartMatch_1.0_0.85_false @ 1.0)/-1.0]</METHOD>
    <METHOD ID='A_SMART_I'>[(SmartMatch_1.0_0.85_true @ 1.0)/-1.0]</METHOD>
    <METHOD ID='C_LINE'>[(LineContext_5_0.35_false @ 1.0)/-1.0]</METHOD>
    <METHOD ID='U_DIFF'>[(Diff @ 1.0)/-1.0]</METHOD>
    <METHOD ID='W_BESTI_AREA'>[(BestMatch_1.0_0.5_true @ 0.6)(AreaContext_4_0.8_false @ 0.4)/-1.0]</METHOD>
    <METHOD ID='W_BESTI_AREAI'>[(AreaContext_4_0.8_true @ 0.4)(BestMatch_1.0_0.5_true @ 0.6)/-1.0]</METHOD>
    <METHOD ID='W_BESTI_LINE'>[(LineContext_4_0.35_false @ 0.4)(BestMatch_1.0_0.5_true @ 0.6)/-1.0]</METHOD>
    <METHOD ID='W_BESTI_LINE#1'>[(LineContext_4_0.35_false @ 0.2)(BestMatch_1.0_0.5_true @ 0.8)/-1.0]</METHOD>
    <METHOD ID='W_BESTI_LINE#10'>[(BestMatch_1.0_0.5_true @ 0.6)(LineContext_4_0.35_false @ 0.4)/0.7]</METHOD>
    <METHOD ID='W_BESTI_LINE#11'>[(BestMatch_1.0_0.5_true @ 0.6)(LineContext_4_0.35_false @ 0.4)/0.8]</METHOD>
    <METHOD ID='W_BESTI_LINE#12'>[(LineContext_4_0.35_false @ 0.4)(BestMatch_1.0_0.5_true @ 0.6)/0.9]</METHOD>
    <METHOD ID='W_BESTI_LINE#2'>[(BestMatch_1.0_0.5_true @ 0.4)(LineContext_4_0.35_false @ 0.6)/-1.0]</METHOD>
    <METHOD ID='W_BESTI_LINE#3'>[(BestMatch_1.0_0.5_true @ 0.2)(LineContext_4_0.35_false @ 0.8)/-1.0]</METHOD>
    <METHOD ID='W_BESTI_LINE#4'>[(BestMatch_1.0_0.5_true @ 0.6)(LineContext_4_0.35_false @ 0.4)/0.1]</METHOD>
    <METHOD ID='W_BESTI_LINE#5'>[(LineContext_4_0.35_false @ 0.4)(BestMatch_1.0_0.5_true @ 0.6)/0.2]</METHOD>
    <METHOD ID='W_BESTI_LINE#6'>[(BestMatch_1.0_0.5_true @ 0.6)(LineContext_4_0.35_false @ 0.4)/0.3]</METHOD>
    <METHOD ID='W_BESTI_LINE#7'>[(LineContext_4_0.35_false @ 0.4)(BestMatch_1.0_0.5_true @ 0.6)/0.4]</METHOD>
    <METHOD ID='W_BESTI_LINE#8'>[(LineContext_4_0.35_false @ 0.4)(BestMatch_1.0_0.5_true @ 0.6)/0.5]</METHOD>
    <METHOD ID='W_BESTI_LINE#9'>[(LineContext_4_0.35_false @ 0.4)(BestMatch_1.0_0.5_true @ 0.6)/0.6]</METHOD>
    <METHOD ID='W_BESTI_LINEI'>[(LineContext_4_0.35_true @ 0.4)(BestMatch_1.0_0.5_true @ 0.6)/-1.0]</METHOD>
    <METHOD ID='W_BESTI_LINEI#1'>[(BestMatch_1.0_0.5_true @ 0.8)(LineContext_4_0.35_true @ 0.2)/-1.0]</METHOD>
    <METHOD ID='W_BESTI_LINEI#10'>[(LineContext_4_0.35_true @ 0.4)(BestMatch_1.0_0.5_true @ 0.6)/0.7]</METHOD>
    <METHOD ID='W_BESTI_LINEI#11'>[(BestMatch_1.0_0.5_true @ 0.6)(LineContext_4_0.35_true @ 0.4)/0.8]</METHOD>
    <METHOD ID='W_BESTI_LINEI#12'>[(BestMatch_1.0_0.5_true @ 0.6)(LineContext_4_0.35_true @ 0.4)/0.9]</METHOD>
    <METHOD ID='W_BESTI_LINEI#2'>[(BestMatch_1.0_0.5_true @ 0.4)(LineContext_4_0.35_true @ 0.6)/-1.0]</METHOD>
    <METHOD ID='W_BESTI_LINEI#3'>[(LineContext_4_0.35_true @ 0.8)(BestMatch_1.0_0.5_true @ 0.2)/-1.0]</METHOD>
    <METHOD ID='W_BESTI_LINEI#4'>[(BestMatch_1.0_0.5_true @ 0.6)(LineContext_4_0.35_true @ 0.4)/0.1]</METHOD>
    <METHOD ID='W_BESTI_LINEI#5'>[(BestMatch_1.0_0.5_true @ 0.6)(LineContext_4_0.35_true @ 0.4)/0.2]</METHOD>
    <METHOD ID='W_BESTI_LINEI#6'>[(BestMatch_1.0_0.5_true @ 0.6)(LineContext_4_0.35_true @ 0.4)/0.3]</METHOD>
    <METHOD ID='W_BESTI_LINEI#7'>[(BestMatch_1.0_0.5_true @ 0.6)(LineContext_4_0.35_true @ 0.4)/0.4]</METHOD>
    <METHOD ID='W_BESTI_LINEI#8'>[(BestMatch_1.0_0.5_true @ 0.6)(LineContext_4_0.35_true @ 0.4)/0.5]</METHOD>
    <METHOD ID='W_BESTI_LINEI#9'>[(LineContext_4_0.35_true @ 0.4)(BestMatch_1.0_0.5_true @ 0.6)/0.6]</METHOD>
    <METHOD ID='W_BEST_AREA'>[(AreaContext_4_0.8_false @ 0.4)(BestMatch_1.0_0.5_false @ 0.6)/-1.0]</METHOD>
    <METHOD ID='W_BEST_AREAI'>[(BestMatch_1.0_0.5_false @ 0.6)(AreaContext_4_0.8_true @ 0.4)/-1.0]</METHOD>
    <METHOD ID='W_BEST_LINE'>[(BestMatch_1.0_0.5_false @ 0.6)(LineContext_4_0.35_false @ 0.4)/-1.0]</METHOD>
    <METHOD ID='W_BEST_LINE#1'>[(BestMatch_1.0_0.5_false @ 0.8)(LineContext_4_0.35_false @ 0.2)/-1.0]</METHOD>
    <METHOD ID='W_BEST_LINE#10'>[(LineContext_4_0.35_false @ 0.4)(BestMatch_1.0_0.5_false @ 0.6)/0.7]</METHOD>
    <METHOD ID='W_BEST_LINE#11'>[(LineContext_4_0.35_false @ 0.4)(BestMatch_1.0_0.5_false @ 0.6)/0.8]</METHOD>
    <METHOD ID='W_BEST_LINE#12'>[(BestMatch_1.0_0.5_false @ 0.6)(LineContext_4_0.35_false @ 0.4)/0.9]</METHOD>
    <METHOD ID='W_BEST_LINE#2'>[(BestMatch_1.0_0.5_false @ 0.4)(LineContext_4_0.35_false @ 0.6)/-1.0]</METHOD>
    <METHOD ID='W_BEST_LINE#3'>[(BestMatch_1.0_0.5_false @ 0.2)(LineContext_4_0.35_false @ 0.8)/-1.0]</METHOD>
    <METHOD ID='W_BEST_LINE#4'>[(LineContext_4_0.35_false @ 0.4)(BestMatch_1.0_0.5_false @ 0.6)/0.1]</METHOD>
    <METHOD ID='W_BEST_LINE#5'>[(LineContext_4_0.35_false @ 0.4)(BestMatch_1.0_0.5_false @ 0.6)/0.2]</METHOD>
    <METHOD ID='W_BEST_LINE#6'>[(BestMatch_1.0_0.5_false @ 0.6)(LineContext_4_0.35_false @ 0.4)/0.3]</METHOD>
    <METHOD ID='W_BEST_LINE#7'>[(LineContext_4_0.35_false @ 0.4)(BestMatch_1.0_0.5_false @ 0.6)/0.4]</METHOD>
    <METHOD ID='W_BEST_LINE#8'>[(LineContext_4_0.35_false @ 0.4)(BestMatch_1.0_0.5_false @ 0.6)/0.5]</METHOD>
    <METHOD ID='W_BEST_LINE#9'>[(LineContext_4_0.35_false @ 0.4)(BestMatch_1.0_0.5_false @ 0.6)/0.6]</METHOD>
    <METHOD ID='W_BEST_LINEI'>[(BestMatch_1.0_0.5_false @ 0.6)(LineContext_4_0.35_true @ 0.4)/-1.0]</METHOD>
    <METHOD ID='W_BEST_LINEI#1'>[(LineContext_4_0.35_true @ 0.2)(BestMatch_1.0_0.5_false @ 0.8)/-1.0]</METHOD>
    <METHOD ID='W_BEST_LINEI#10'>[(BestMatch_1.0_0.5_false @ 0.6)(LineContext_4_0.35_true @ 0.4)/0.7]</METHOD>
    <METHOD ID='W_BEST_LINEI#11'>[(LineContext_4_0.35_true @ 0.4)(BestMatch_1.0_0.5_false @ 0.6)/0.8]</METHOD>
    <METHOD ID='W_BEST_LINEI#12'>[(BestMatch_1.0_0.5_false @ 0.6)(LineContext_4_0.35_true @ 0.4)/0.9]</METHOD>
    <METHOD ID='W_BEST_LINEI#2'>[(LineContext_4_0.35_true @ 0.6)(BestMatch_1.0_0.5_false @ 0.4)/-1.0]</METHOD>
    <METHOD ID='W_BEST_LINEI#3'>[(BestMatch_1.0_0.5_false @ 0.2)(LineContext_4_0.35_true @ 0.8)/-1.0]</METHOD>
    <METHOD ID='W_BEST_LINEI#4'>[(LineContext_4_0.35_true @ 0.4)(BestMatch_1.0_0.5_false @ 0.6)/0.1]</METHOD>
    <METHOD ID='W_BEST_LINEI#5'>[(LineContext_4_0.35_true @ 0.4)(BestMatch_1.0_0.5_false @ 0.6)/0.2]</METHOD>
    <METHOD ID='W_BEST_LINEI#6'>[(LineContext_4_0.35_true @ 0.4)(BestMatch_1.0_0.5_false @ 0.6)/0.3]</METHOD>
    <METHOD ID='W_BEST_LINEI#7'>[(BestMatch_1.0_0.5_false @ 0.6)(LineContext_4_0.35_true @ 0.4)/0.4]</METHOD>
    <METHOD ID='W_BEST_LINEI#8'>[(BestMatch_1.0_0.5_false @ 0.6)(LineContext_4_0.35_true @ 0.4)/0.5]</METHOD>
    <METHOD ID='W_BEST_LINEI#9'>[(BestMatch_1.0_0.5_false @ 0.6)(LineContext_4_0.35_true @ 0.4)/0.6]</METHOD>
  </METHODS>
  <LOCATIONS>
    <LOCATION ID='L_00' LINE='2184' FILE='/home/parvez/Documents/Research/ProjectLineMapping/Data/eclipseTest/GC.java' />
    <LOCATION ID='L_01' LINE='2186' FILE='/home/parvez/Documents/Research/ProjectLineMapping/Data/eclipseTest/GC.java' />
    <LOCATION ID='L_02' LINE='2187' FILE='/home/parvez/Documents/Research/ProjectLineMapping/Data/eclipseTest/GC.java' />
    <LOCATION ID='L_03' LINE='2188' FILE='/home/parvez/Documents/Research/ProjectLineMapping/Data/eclipseTest/GC.java' />
    <LOCATION ID='L_04' LINE='2190' FILE='/home/parvez/Documents/Research/ProjectLineMapping/Data/eclipseTest/GC.java' />
    <LOCATION ID='L_05' LINE='2191' FILE='/home/parvez/Documents/Research/ProjectLineMapping/Data/eclipseTest/GC.java' />
    <LOCATION ID='L_06' LINE='2193' FILE='/home/parvez/Documents/Research/ProjectLineMapping/Data/eclipseTest/GC.java' />
    <LOCATION ID='L_07' LINE='2194' FILE='/home/parvez/Documents/Research/ProjectLineMapping/Data/eclipseTest/GC.java' />
    <LOCATION ID='L_08' LINE='2195' FILE='/home/parvez/Documents/Research/ProjectLineMapping/Data/eclipseTest/GC.java' />
    <LOCATION ID='L_09' LINE='2196' FILE='/home/parvez/Documents/Research/ProjectLineMapping/Data/eclipseTest/GC.java' />
    <LOCATION ID='L_10' LINE='2198' FILE='/home/parvez/Documents/Research/ProjectLineMapping/Data/eclipseTest/GC.java' />
    <LOCATION ID='L_11' LINE='2199' FILE='/home/parvez/Documents/Research/ProjectLineMapping/Data/eclipseTest/GC.java' />
    <LOCATION ID='L_12' LINE='2201' FILE='/home/parvez/Documents/Research/ProjectLineMapping/Data/eclipseTest/GC.java' />
  </LOCATIONS>
  <VERSION NUMBER='2'>
    <LOCATION ID='L_00' ORIG='2184' NEW='-1'>
      <METHOD ID='W_BESTI_LINE#12' LINE='-1' />
      <METHOD ID='W_BESTI_LINE#10' LINE='-1' />
      <METHOD ID='W_BESTI_LINEI#12' LINE='-1' />
      <METHOD ID='W_BESTI_LINE#11' LINE='-1' />
      <METHOD ID='W_BESTI_LINEI#11' LINE='-1' />
      <METHOD ID='C_LINE' LINE='2147' />
      <METHOD ID='W_BEST_LINE#1' LINE='1392' />
      <METHOD ID='W_BEST_LINE#3' LINE='2147' />
      <METHOD ID='W_BEST_LINE#2' LINE='-1' />
      <METHOD ID='W_BEST_LINEI#9' LINE='-1' />
      <METHOD ID='W_BEST_LINEI#5' LINE='1392' />
      <METHOD ID='W_BEST_LINE#9' LINE='-1' />
      <METHOD ID='W_BEST_LINEI#6' LINE='1392' />
      <METHOD ID='W_BEST_LINE#8' LINE='-1' />
      <METHOD ID='W_BESTI_AREA' LINE='1392' />
      <METHOD ID='W_BEST_LINEI#7' LINE='-1' />
      <METHOD ID='A_EXACT_I' LINE='-1' />
      <METHOD ID='W_BEST_LINEI#8' LINE='-1' />
      <METHOD ID='W_BEST_LINEI#1' LINE='1392' />
      <METHOD ID='W_BEST_LINE#5' LINE='1392' />
      <METHOD ID='W_BEST_LINEI#2' LINE='-1' />
      <METHOD ID='W_BESTI_LINEI#10' LINE='-1' />
      <METHOD ID='W_BEST_LINE#4' LINE='1392' />
      <METHOD ID='W_BEST_LINEI#3' LINE='2147' />
      <METHOD ID='W_BEST_LINE#7' LINE='-1' />
      <METHOD ID='W_BEST_LINEI#4' LINE='1392' />
      <METHOD ID='W_BEST_LINE#6' LINE='1392' />
      <METHOD ID='W_BESTI_LINEI' LINE='1392' />
      <METHOD ID='W_BEST_LINEI' LINE='1392' />
      <METHOD ID='W_BESTI_AREAI' LINE='1392' />
      <METHOD ID='A_NUMBER' LINE='-1' />
      <METHOD ID='A_SMART' LINE='1393' />
      <METHOD ID='W_BEST_AREA' LINE='1392' />
      <METHOD ID='W_BEST_LINEI#12' LINE='-1' />
      <METHOD ID='W_BEST_LINEI#11' LINE='-1' />
      <METHOD ID='W_BEST_LINEI#10' LINE='-1' />
      <METHOD ID='U_DIFF' LINE='2184' />
      <METHOD ID='W_BESTI_LINEI#8' LINE='-1' />
      <METHOD ID='W_BESTI_LINEI#9' LINE='-1' />
      <METHOD ID='W_BESTI_LINEI#6' LINE='1392' />
      <METHOD ID='W_BESTI_LINEI#7' LINE='-1' />
      <METHOD ID='W_BESTI_LINEI#4' LINE='1392' />
      <METHOD ID='W_BESTI_LINEI#5' LINE='1392' />
      <METHOD ID='W_BESTI_LINEI#2' LINE='-1' />
      <METHOD ID='W_BESTI_LINEI#3' LINE='2147' />
      <METHOD ID='W_BESTI_LINE' LINE='1392' />
      <METHOD ID='W_BESTI_LINEI#1' LINE='1392' />
      <METHOD ID='W_BEST_LINE#11' LINE='-1' />
      <METHOD ID='A_EXACT' LINE='-1' />
      <METHOD ID='W_BEST_LINE#12' LINE='-1' />
      <METHOD ID='W_BEST_LINE#10' LINE='-1' />
      <METHOD ID='W_BEST_LINE' LINE='1392' />
      <METHOD ID='A_BEST' LINE='-1' />
      <METHOD ID='A_NUMBER_EXACT' LINE='-1' />
      <METHOD ID='A_SMART_I' LINE='1236' />
      <METHOD ID='A_BEST_I' LINE='-1' />
      <METHOD ID='W_BESTI_LINE#5' LINE='1392' />
      <METHOD ID='W_BESTI_LINE#6' LINE='1392' />
      <METHOD ID='W_BESTI_LINE#7' LINE='-1' />
      <METHOD ID='W_BESTI_LINE#8' LINE='-1' />
      <METHOD ID='W_BESTI_LINE#9' LINE='-1' />
      <METHOD ID='W_BESTI_LINE#1' LINE='1392' />
      <METHOD ID='W_BESTI_LINE#2' LINE='-1' />
      <METHOD ID='W_BEST_AREAI' LINE='1392' />
      <METHOD ID='W_BESTI_LINE#3' LINE='2147' />
      <METHOD ID='W_BESTI_LINE#4' LINE='1392' />
    </LOCATION>
    <LOCATION ID='L_01' ORIG='2186' NEW='2148'>
      <METHOD ID='W_BESTI_LINE#12' LINE='-1' />
      <METHOD ID='W_BESTI_LINE#10' LINE='-1' />
      <METHOD ID='W_BESTI_LINEI#12' LINE='-1' />
      <METHOD ID='W_BESTI_LINE#11' LINE='-1' />
      <METHOD ID='W_BESTI_LINEI#11' LINE='-1' />
      <METHOD ID='C_LINE' LINE='-1' />
      <METHOD ID='W_BEST_LINE#1' LINE='2148' />
      <METHOD ID='W_BEST_LINE#3' LINE='-1' />
      <METHOD ID='W_BEST_LINE#2' LINE='-1' />
      <METHOD ID='W_BEST_LINEI#9' LINE='-1' />
      <METHOD ID='W_BEST_LINEI#5' LINE='2148' />
      <METHOD ID='W_BEST_LINE#9' LINE='-1' />
      <METHOD ID='W_BEST_LINEI#6' LINE='2148' />
      <METHOD ID='W_BEST_LINE#8' LINE='2148' />
      <METHOD ID='W_BESTI_AREA' LINE='2148' />
      <METHOD ID='W_BEST_LINEI#7' LINE='2148' />
      <METHOD ID='A_EXACT_I' LINE='-1' />
      <METHOD ID='W_BEST_LINEI#8' LINE='2148' />
      <METHOD ID='W_BEST_LINEI#1' LINE='2148' />
      <METHOD ID='W_BEST_LINE#5' LINE='2148' />
      <METHOD ID='W_BEST_LINEI#2' LINE='-1' />
      <METHOD ID='W_BESTI_LINEI#10' LINE='-1' />
      <METHOD ID='W_BEST_LINE#4' LINE='2148' />
      <METHOD ID='W_BEST_LINEI#3' LINE='-1' />
      <METHOD ID='W_BEST_LINE#7' LINE='2148' />
      <METHOD ID='W_BEST_LINEI#4' LINE='2148' />
      <METHOD ID='W_BEST_LINE#6' LINE='2148' />
      <METHOD ID='W_BESTI_LINEI' LINE='2148' />
      <METHOD ID='W_BEST_LINEI' LINE='2148' />
      <METHOD ID='W_BESTI_AREAI' LINE='2148' />
      <METHOD ID='A_NUMBER' LINE='-1' />
      <METHOD ID='A_SMART' LINE='378' />
      <METHOD ID='W_BEST_AREA' LINE='2148' />
      <METHOD ID='W_BEST_LINEI#12' LINE='-1' />
      <METHOD ID='W_BEST_LINEI#11' LINE='-1' />
      <METHOD ID='W_BEST_LINEI#10' LINE='-1' />
      <METHOD ID='U_DIFF' LINE='2186' />
      <METHOD ID='W_BESTI_LINEI#8' LINE='2148' />
      <METHOD ID='W_BESTI_LINEI#9' LINE='-1' />
      <METHOD ID='W_BESTI_LINEI#6' LINE='2148' />
      <METHOD ID='W_BESTI_LINEI#7' LINE='2148' />
      <METHOD ID='W_BESTI_LINEI#4' LINE='2148' />
      <METHOD ID='W_BESTI_LINEI#5' LINE='2148' />
      <METHOD ID='W_BESTI_LINEI#2' LINE='-1' />
      <METHOD ID='W_BESTI_LINEI#3' LINE='-1' />
      <METHOD ID='W_BESTI_LINE' LINE='2148' />
      <METHOD ID='W_BESTI_LINEI#1' LINE='2148' />
      <METHOD ID='W_BEST_LINE#11' LINE='-1' />
      <METHOD ID='A_EXACT' LINE='-1' />
      <METHOD ID='W_BEST_LINE#12' LINE='-1' />
      <METHOD ID='W_BEST_LINE#10' LINE='-1' />
      <METHOD ID='W_BEST_LINE' LINE='2148' />
      <METHOD ID='A_BEST' LINE='2148' />
      <METHOD ID='A_NUMBER_EXACT' LINE='-1' />
      <METHOD ID='A_SMART_I' LINE='2148' />
      <METHOD ID='A_BEST_I' LINE='2148' />
      <METHOD ID='W_BESTI_LINE#5' LINE='2148' />
      <METHOD ID='W_BESTI_LINE#6' LINE='2148' />
      <METHOD ID='W_BESTI_LINE#7' LINE='2148' />
      <METHOD ID='W_BESTI_LINE#8' LINE='2148' />
      <METHOD ID='W_BESTI_LINE#9' LINE='-1' />
      <METHOD ID='W_BESTI_LINE#1' LINE='2148' />
      <METHOD ID='W_BESTI_LINE#2' LINE='-1' />
      <METHOD ID='W_BEST_AREAI' LINE='2148' />
      <METHOD ID='W_BESTI_LINE#3' LINE='-1' />
      <METHOD ID='W_BESTI_LINE#4' LINE='2148' />
    </LOCATION>
    <LOCATION ID='L_02' ORIG='2187' NEW='2149'>
      <METHOD ID='W_BESTI_LINE#12' LINE='-1' />
      <METHOD ID='W_BESTI_LINE#10' LINE='-1' />
      <METHOD ID='W_BESTI_LINEI#12' LINE='-1' />
      <METHOD ID='W_BESTI_LINE#11' LINE='-1' />
      <METHOD ID='W_BESTI_LINEI#11' LINE='-1' />
      <METHOD ID='C_LINE' LINE='-1' />
      <METHOD ID='W_BEST_LINE#1' LINE='2149' />
      <METHOD ID='W_BEST_LINE#3' LINE='-1' />
      <METHOD ID='W_BEST_LINE#2' LINE='2149' />
      <METHOD ID='W_BEST_LINEI#9' LINE='-1' />
      <METHOD ID='W_BEST_LINEI#5' LINE='2149' />
      <METHOD ID='W_BEST_LINE#9' LINE='-1' />
      <METHOD ID='W_BEST_LINEI#6' LINE='2149' />
      <METHOD ID='W_BEST_LINE#8' LINE='2149' />
      <METHOD ID='W_BESTI_AREA' LINE='1363' />
      <METHOD ID='W_BEST_LINEI#7' LINE='2149' />
      <METHOD ID='A_EXACT_I' LINE='1363' />
      <METHOD ID='W_BEST_LINEI#8' LINE='2149' />
      <METHOD ID='W_BEST_LINEI#1' LINE='2149' />
      <METHOD ID='W_BEST_LINE#5' LINE='2149' />
      <METHOD ID='W_BEST_LINEI#2' LINE='2149' />
      <METHOD ID='W_BESTI_LINEI#10' LINE='-1' />
      <METHOD ID='W_BEST_LINE#4' LINE='2149' />
      <METHOD ID='W_BEST_LINEI#3' LINE='-1' />
      <METHOD ID='W_BEST_LINE#7' LINE='2149' />
      <METHOD ID='W_BEST_LINEI#4' LINE='2149' />
      <METHOD ID='W_BEST_LINE#6' LINE='2149' />
      <METHOD ID='W_BESTI_LINEI' LINE='1363' />
      <METHOD ID='W_BEST_LINEI' LINE='2149' />
      <METHOD ID='W_BESTI_AREAI' LINE='1363' />
      <METHOD ID='A_NUMBER' LINE='-1' />
      <METHOD ID='A_SMART' LINE='2149' />
      <METHOD ID='W_BEST_AREA' LINE='2149' />
      <METHOD ID='W_BEST_LINEI#12' LINE='-1' />
      <METHOD ID='W_BEST_LINEI#11' LINE='-1' />
      <METHOD ID='W_BEST_LINEI#10' LINE='-1' />
      <METHOD ID='U_DIFF' LINE='2187' />
      <METHOD ID='W_BESTI_LINEI#8' LINE='1363' />
      <METHOD ID='W_BESTI_LINEI#9' LINE='1363' />
      <METHOD ID='W_BESTI_LINEI#6' LINE='1363' />
      <METHOD ID='W_BESTI_LINEI#7' LINE='1363' />
      <METHOD ID='W_BESTI_LINEI#4' LINE='1363' />
      <METHOD ID='W_BESTI_LINEI#5' LINE='1363' />
      <METHOD ID='W_BESTI_LINEI#2' LINE='1363' />
      <METHOD ID='W_BESTI_LINEI#3' LINE='-1' />
      <METHOD ID='W_BESTI_LINE' LINE='1363' />
      <METHOD ID='W_BESTI_LINEI#1' LINE='1363' />
      <METHOD ID='W_BEST_LINE#11' LINE='-1' />
      <METHOD ID='A_EXACT' LINE='-1' />
      <METHOD ID='W_BEST_LINE#12' LINE='-1' />
      <METHOD ID='W_BEST_LINE#10' LINE='-1' />
      <METHOD ID='W_BEST_LINE' LINE='2149' />
      <METHOD ID='A_BEST' LINE='2149' />
      <METHOD ID='A_NUMBER_EXACT' LINE='-1' />
      <METHOD ID='A_SMART_I' LINE='1363' />
      <METHOD ID='A_BEST_I' LINE='1363' />
      <METHOD ID='W_BESTI_LINE#5' LINE='1363' />
      <METHOD ID='W_BESTI_LINE#6' LINE='1363' />
      <METHOD ID='W_BESTI_LINE#7' LINE='1363' />
      <METHOD ID='W_BESTI_LINE#8' LINE='1363' />
      <METHOD ID='W_BESTI_LINE#9' LINE='1363' />
      <METHOD ID='W_BESTI_LINE#1' LINE='1363' />
      <METHOD ID='W_BESTI_LINE#2' LINE='1363' />
      <METHOD ID='W_BEST_AREAI' LINE='2149' />
      <METHOD ID='W_BESTI_LINE#3' LINE='-1' />
      <METHOD ID='W_BESTI_LINE#4' LINE='1363' />
    </LOCATION>
    <LOCATION ID='L_03' ORIG='2188' NEW='-1'>
      <METHOD ID='W_BESTI_LINE#12' LINE='-1' />
      <METHOD ID='W_BESTI_LINE#10' LINE='-1' />
      <METHOD ID='W_BESTI_LINEI#12' LINE='-1' />
      <METHOD ID='W_BESTI_LINE#11' LINE='-1' />
      <METHOD ID='W_BESTI_LINEI#11' LINE='-1' />
      <METHOD ID='C_LINE' LINE='-1' />
      <METHOD ID='W_BEST_LINE#1' LINE='-1' />
      <METHOD ID='W_BEST_LINE#3' LINE='-1' />
      <METHOD ID='W_BEST_LINE#2' LINE='-1' />
      <METHOD ID='W_BEST_LINEI#9' LINE='-1' />
      <METHOD ID='W_BEST_LINEI#5' LINE='-1' />
      <METHOD ID='W_BEST_LINE#9' LINE='-1' />
      <METHOD ID='W_BEST_LINEI#6' LINE='-1' />
      <METHOD ID='W_BEST_LINE#8' LINE='-1' />
      <METHOD ID='W_BESTI_AREA' LINE='-1' />
      <METHOD ID='W_BEST_LINEI#7' LINE='-1' />
      <METHOD ID='A_EXACT_I' LINE='-1' />
      <METHOD ID='W_BEST_LINEI#8' LINE='-1' />
      <METHOD ID='W_BEST_LINEI#1' LINE='-1' />
      <METHOD ID='W_BEST_LINE#5' LINE='-1' />
      <METHOD ID='W_BEST_LINEI#2' LINE='-1' />
      <METHOD ID='W_BESTI_LINEI#10' LINE='-1' />
      <METHOD ID='W_BEST_LINE#4' LINE='-1' />
      <METHOD ID='W_BEST_LINEI#3' LINE='-1' />
      <METHOD ID='W_BEST_LINE#7' LINE='-1' />
      <METHOD ID='W_BEST_LINEI#4' LINE='-1' />
      <METHOD ID='W_BEST_LINE#6' LINE='-1' />
      <METHOD ID='W_BESTI_LINEI' LINE='-1' />
      <METHOD ID='W_BEST_LINEI' LINE='-1' />
      <METHOD ID='W_BESTI_AREAI' LINE='-1' />
      <METHOD ID='A_NUMBER' LINE='-1' />
      <METHOD ID='A_SMART' LINE='-1' />
      <METHOD ID='W_BEST_AREA' LINE='-1' />
      <METHOD ID='W_BEST_LINEI#12' LINE='-1' />
      <METHOD ID='W_BEST_LINEI#11' LINE='-1' />
      <METHOD ID='W_BEST_LINEI#10' LINE='-1' />
      <METHOD ID='U_DIFF' LINE='2188' />
      <METHOD ID='W_BESTI_LINEI#8' LINE='-1' />
      <METHOD ID='W_BESTI_LINEI#9' LINE='-1' />
      <METHOD ID='W_BESTI_LINEI#6' LINE='-1' />
      <METHOD ID='W_BESTI_LINEI#7' LINE='-1' />
      <METHOD ID='W_BESTI_LINEI#4' LINE='-1' />
      <METHOD ID='W_BESTI_LINEI#5' LINE='-1' />
      <METHOD ID='W_BESTI_LINEI#2' LINE='-1' />
      <METHOD ID='W_BESTI_LINEI#3' LINE='-1' />
      <METHOD ID='W_BESTI_LINE' LINE='-1' />
      <METHOD ID='W_BESTI_LINEI#1' LINE='-1' />
      <METHOD ID='W_BEST_LINE#11' LINE='-1' />
      <METHOD ID='A_EXACT' LINE='-1' />
      <METHOD ID='W_BEST_LINE#12' LINE='-1' />
      <METHOD ID='W_BEST_LINE#10' LINE='-1' />
      <METHOD ID='W_BEST_LINE' LINE='-1' />
      <METHOD ID='A_BEST' LINE='-1' />
      <METHOD ID='A_NUMBER_EXACT' LINE='-1' />
      <METHOD ID='A_SMART_I' LINE='-1' />
      <METHOD ID='A_BEST_I' LINE='-1' />
      <METHOD ID='W_BESTI_LINE#5' LINE='-1' />
      <METHOD ID='W_BESTI_LINE#6' LINE='-1' />
      <METHOD ID='W_BESTI_LINE#7' LINE='-1' />
      <METHOD ID='W_BESTI_LINE#8' LINE='-1' />
      <METHOD ID='W_BESTI_LINE#9' LINE='-1' />
      <METHOD ID='W_BESTI_LINE#1' LINE='-1' />
      <METHOD ID='W_BESTI_LINE#2' LINE='-1' />
      <METHOD ID='W_BEST_AREAI' LINE='-1' />
      <METHOD ID='W_BESTI_LINE#3' LINE='-1' />
      <METHOD ID='W_BESTI_LINE#4' LINE='-1' />
    </LOCATION>
    <LOCATION ID='L_04' ORIG='2190' NEW='2153'>
      <METHOD ID='W_BESTI_LINE#12' LINE='-1' />
      <METHOD ID='W_BESTI_LINE#10' LINE='-1' />
      <METHOD ID='W_BESTI_LINEI#12' LINE='-1' />
      <METHOD ID='W_BESTI_LINE#11' LINE='-1' />
      <METHOD ID='W_BESTI_LINEI#11' LINE='-1' />
      <METHOD ID='C_LINE' LINE='-1' />
      <METHOD ID='W_BEST_LINE#1' LINE='2153' />
      <METHOD ID='W_BEST_LINE#3' LINE='-1' />
      <METHOD ID='W_BEST_LINE#2' LINE='-1' />
      <METHOD ID='W_BEST_LINEI#9' LINE='-1' />
      <METHOD ID='W_BEST_LINEI#5' LINE='2153' />
      <METHOD ID='W_BEST_LINE#9' LINE='-1' />
      <METHOD ID='W_BEST_LINEI#6' LINE='2153' />
      <METHOD ID='W_BEST_LINE#8' LINE='-1' />
      <METHOD ID='W_BESTI_AREA' LINE='2153' />
      <METHOD ID='W_BEST_LINEI#7' LINE='2153' />
      <METHOD ID='A_EXACT_I' LINE='-1' />
      <METHOD ID='W_BEST_LINEI#8' LINE='2153' />
      <METHOD ID='W_BEST_LINEI#1' LINE='2153' />
      <METHOD ID='W_BEST_LINE#5' LINE='2153' />
      <METHOD ID='W_BEST_LINEI#2' LINE='2153' />
      <METHOD ID='W_BESTI_LINEI#10' LINE='-1' />
      <METHOD ID='W_BEST_LINE#4' LINE='2153' />
      <METHOD ID='W_BEST_LINEI#3' LINE='2153' />
      <METHOD ID='W_BEST_LINE#7' LINE='2153' />
      <METHOD ID='W_BEST_LINEI#4' LINE='2153' />
      <METHOD ID='W_BEST_LINE#6' LINE='2153' />
      <METHOD ID='W_BESTI_LINEI' LINE='2153' />
      <METHOD ID='W_BEST_LINEI' LINE='2153' />
      <METHOD ID='W_BESTI_AREAI' LINE='2153' />
      <METHOD ID='A_NUMBER' LINE='-1' />
      <METHOD ID='A_SMART' LINE='-1' />
      <METHOD ID='W_BEST_AREA' LINE='2153' />
      <METHOD ID='W_BEST_LINEI#12' LINE='-1' />
      <METHOD ID='W_BEST_LINEI#11' LINE='-1' />
      <METHOD ID='W_BEST_LINEI#10' LINE='-1' />
      <METHOD ID='U_DIFF' LINE='2190' />
      <METHOD ID='W_BESTI_LINEI#8' LINE='2153' />
      <METHOD ID='W_BESTI_LINEI#9' LINE='-1' />
      <METHOD ID='W_BESTI_LINEI#6' LINE='2153' />
      <METHOD ID='W_BESTI_LINEI#7' LINE='2153' />
      <METHOD ID='W_BESTI_LINEI#4' LINE='2153' />
      <METHOD ID='W_BESTI_LINEI#5' LINE='2153' />
      <METHOD ID='W_BESTI_LINEI#2' LINE='2153' />
      <METHOD ID='W_BESTI_LINEI#3' LINE='2153' />
      <METHOD ID='W_BESTI_LINE' LINE='2153' />
      <METHOD ID='W_BESTI_LINEI#1' LINE='2153' />
      <METHOD ID='W_BEST_LINE#11' LINE='-1' />
      <METHOD ID='A_EXACT' LINE='-1' />
      <METHOD ID='W_BEST_LINE#12' LINE='-1' />
      <METHOD ID='W_BEST_LINE#10' LINE='-1' />
      <METHOD ID='W_BEST_LINE' LINE='2153' />
      <METHOD ID='A_BEST' LINE='-1' />
      <METHOD ID='A_NUMBER_EXACT' LINE='-1' />
      <METHOD ID='A_SMART_I' LINE='-1' />
      <METHOD ID='A_BEST_I' LINE='-1' />
      <METHOD ID='W_BESTI_LINE#5' LINE='2153' />
      <METHOD ID='W_BESTI_LINE#6' LINE='2153' />
      <METHOD ID='W_BESTI_LINE#7' LINE='2153' />
      <METHOD ID='W_BESTI_LINE#8' LINE='-1' />
      <METHOD ID='W_BESTI_LINE#9' LINE='-1' />
      <METHOD ID='W_BESTI_LINE#1' LINE='2153' />
      <METHOD ID='W_BESTI_LINE#2' LINE='-1' />
      <METHOD ID='W_BEST_AREAI' LINE='2153' />
      <METHOD ID='W_BESTI_LINE#3' LINE='-1' />
      <METHOD ID='W_BESTI_LINE#4' LINE='2153' />
    </LOCATION>
    <LOCATION ID='L_05' ORIG='2191' NEW='2154'>
      <METHOD ID='W_BESTI_LINE#12' LINE='-1' />
      <METHOD ID='W_BESTI_LINE#10' LINE='-1' />
      <METHOD ID='W_BESTI_LINEI#12' LINE='-1' />
      <METHOD ID='W_BESTI_LINE#11' LINE='-1' />
      <METHOD ID='W_BESTI_LINEI#11' LINE='-1' />
      <METHOD ID='C_LINE' LINE='-1' />
      <METHOD ID='W_BEST_LINE#1' LINE='2154' />
      <METHOD ID='W_BEST_LINE#3' LINE='-1' />
      <METHOD ID='W_BEST_LINE#2' LINE='-1' />
      <METHOD ID='W_BEST_LINEI#9' LINE='-1' />
      <METHOD ID='W_BEST_LINEI#5' LINE='2154' />
      <METHOD ID='W_BEST_LINE#9' LINE='-1' />
      <METHOD ID='W_BEST_LINEI#6' LINE='2154' />
      <METHOD ID='W_BEST_LINE#8' LINE='-1' />
      <METHOD ID='W_BESTI_AREA' LINE='2154' />
      <METHOD ID='W_BEST_LINEI#7' LINE='2154' />
      <METHOD ID='A_EXACT_I' LINE='-1' />
      <METHOD ID='W_BEST_LINEI#8' LINE='2154' />
      <METHOD ID='W_BEST_LINEI#1' LINE='2154' />
      <METHOD ID='W_BEST_LINE#5' LINE='2154' />
      <METHOD ID='W_BEST_LINEI#2' LINE='2154' />
      <METHOD ID='W_BESTI_LINEI#10' LINE='-1' />
      <METHOD ID='W_BEST_LINE#4' LINE='2154' />
      <METHOD ID='W_BEST_LINEI#3' LINE='2154' />
      <METHOD ID='W_BEST_LINE#7' LINE='-1' />
      <METHOD ID='W_BEST_LINEI#4' LINE='2154' />
      <METHOD ID='W_BEST_LINE#6' LINE='2154' />
      <METHOD ID='W_BESTI_LINEI' LINE='2154' />
      <METHOD ID='W_BEST_LINEI' LINE='2154' />
      <METHOD ID='W_BESTI_AREAI' LINE='2154' />
      <METHOD ID='A_NUMBER' LINE='-1' />
      <METHOD ID='A_SMART' LINE='-1' />
      <METHOD ID='W_BEST_AREA' LINE='2154' />
      <METHOD ID='W_BEST_LINEI#12' LINE='-1' />
      <METHOD ID='W_BEST_LINEI#11' LINE='-1' />
      <METHOD ID='W_BEST_LINEI#10' LINE='-1' />
      <METHOD ID='U_DIFF' LINE='2191' />
      <METHOD ID='W_BESTI_LINEI#8' LINE='2154' />
      <METHOD ID='W_BESTI_LINEI#9' LINE='-1' />
      <METHOD ID='W_BESTI_LINEI#6' LINE='2154' />
      <METHOD ID='W_BESTI_LINEI#7' LINE='2154' />
      <METHOD ID='W_BESTI_LINEI#4' LINE='2154' />
      <METHOD ID='W_BESTI_LINEI#5' LINE='2154' />
      <METHOD ID='W_BESTI_LINEI#2' LINE='2154' />
      <METHOD ID='W_BESTI_LINEI#3' LINE='2154' />
      <METHOD ID='W_BESTI_LINE' LINE='2154' />
      <METHOD ID='W_BESTI_LINEI#1' LINE='2154' />
      <METHOD ID='W_BEST_LINE#11' LINE='-1' />
      <METHOD ID='A_EXACT' LINE='-1' />
      <METHOD ID='W_BEST_LINE#12' LINE='-1' />
      <METHOD ID='W_BEST_LINE#10' LINE='-1' />
      <METHOD ID='W_BEST_LINE' LINE='2154' />
      <METHOD ID='A_BEST' LINE='-1' />
      <METHOD ID='A_NUMBER_EXACT' LINE='-1' />
      <METHOD ID='A_SMART_I' LINE='-1' />
      <METHOD ID='A_BEST_I' LINE='-1' />
      <METHOD ID='W_BESTI_LINE#5' LINE='2154' />
      <METHOD ID='W_BESTI_LINE#6' LINE='2154' />
      <METHOD ID='W_BESTI_LINE#7' LINE='-1' />
      <METHOD ID='W_BESTI_LINE#8' LINE='-1' />
      <METHOD ID='W_BESTI_LINE#9' LINE='-1' />
      <METHOD ID='W_BESTI_LINE#1' LINE='2154' />
      <METHOD ID='W_BESTI_LINE#2' LINE='-1' />
      <METHOD ID='W_BEST_AREAI' LINE='2154' />
      <METHOD ID='W_BESTI_LINE#3' LINE='-1' />
      <METHOD ID='W_BESTI_LINE#4' LINE='2154' />
    </LOCATION>
    <LOCATION ID='L_06' ORIG='2193' NEW='2156'>
      <METHOD ID='W_BESTI_LINE#12' LINE='-1' />
      <METHOD ID='W_BESTI_LINE#10' LINE='-1' />
      <METHOD ID='W_BESTI_LINEI#12' LINE='-1' />
      <METHOD ID='W_BESTI_LINE#11' LINE='-1' />
      <METHOD ID='W_BESTI_LINEI#11' LINE='2156' />
      <METHOD ID='C_LINE' LINE='-1' />
      <METHOD ID='W_BEST_LINE#1' LINE='2156' />
      <METHOD ID='W_BEST_LINE#3' LINE='-1' />
      <METHOD ID='W_BEST_LINE#2' LINE='2156' />
      <METHOD ID='W_BEST_LINEI#9' LINE='2156' />
      <METHOD ID='W_BEST_LINEI#5' LINE='2156' />
      <METHOD ID='W_BEST_LINE#9' LINE='-1' />
      <METHOD ID='W_BEST_LINEI#6' LINE='2156' />
      <METHOD ID='W_BEST_LINE#8' LINE='2156' />
      <METHOD ID='W_BESTI_AREA' LINE='2156' />
      <METHOD ID='W_BEST_LINEI#7' LINE='2156' />
      <METHOD ID='A_EXACT_I' LINE='2156' />
      <METHOD ID='W_BEST_LINEI#8' LINE='2156' />
      <METHOD ID='W_BEST_LINEI#1' LINE='2156' />
      <METHOD ID='W_BEST_LINE#5' LINE='2156' />
      <METHOD ID='W_BEST_LINEI#2' LINE='2156' />
      <METHOD ID='W_BESTI_LINEI#10' LINE='2156' />
      <METHOD ID='W_BEST_LINE#4' LINE='2156' />
      <METHOD ID='W_BEST_LINEI#3' LINE='2156' />
      <METHOD ID='W_BEST_LINE#7' LINE='2156' />
      <METHOD ID='W_BEST_LINEI#4' LINE='2156' />
      <METHOD ID='W_BEST_LINE#6' LINE='2156' />
      <METHOD ID='W_BESTI_LINEI' LINE='2156' />
      <METHOD ID='W_BEST_LINEI' LINE='2156' />
      <METHOD ID='W_BESTI_AREAI' LINE='2156' />
      <METHOD ID='A_NUMBER' LINE='-1' />
      <METHOD ID='A_SMART' LINE='2156' />
      <METHOD ID='W_BEST_AREA' LINE='2156' />
      <METHOD ID='W_BEST_LINEI#12' LINE='-1' />
      <METHOD ID='W_BEST_LINEI#11' LINE='-1' />
      <METHOD ID='W_BEST_LINEI#10' LINE='2156' />
      <METHOD ID='U_DIFF' LINE='2193' />
      <METHOD ID='W_BESTI_LINEI#8' LINE='2156' />
      <METHOD ID='W_BESTI_LINEI#9' LINE='2156' />
      <METHOD ID='W_BESTI_LINEI#6' LINE='2156' />
      <METHOD ID='W_BESTI_LINEI#7' LINE='2156' />
      <METHOD ID='W_BESTI_LINEI#4' LINE='2156' />
      <METHOD ID='W_BESTI_LINEI#5' LINE='2156' />
      <METHOD ID='W_BESTI_LINEI#2' LINE='2156' />
      <METHOD ID='W_BESTI_LINEI#3' LINE='2156' />
      <METHOD ID='W_BESTI_LINE' LINE='2156' />
      <METHOD ID='W_BESTI_LINEI#1' LINE='2156' />
      <METHOD ID='W_BEST_LINE#11' LINE='-1' />
      <METHOD ID='A_EXACT' LINE='-1' />
      <METHOD ID='W_BEST_LINE#12' LINE='-1' />
      <METHOD ID='W_BEST_LINE#10' LINE='-1' />
      <METHOD ID='W_BEST_LINE' LINE='2156' />
      <METHOD ID='A_BEST' LINE='2156' />
      <METHOD ID='A_NUMBER_EXACT' LINE='-1' />
      <METHOD ID='A_SMART_I' LINE='2156' />
      <METHOD ID='A_BEST_I' LINE='2156' />
      <METHOD ID='W_BESTI_LINE#5' LINE='2156' />
      <METHOD ID='W_BESTI_LINE#6' LINE='2156' />
      <METHOD ID='W_BESTI_LINE#7' LINE='2156' />
      <METHOD ID='W_BESTI_LINE#8' LINE='2156' />
      <METHOD ID='W_BESTI_LINE#9' LINE='2156' />
      <METHOD ID='W_BESTI_LINE#1' LINE='2156' />
      <METHOD ID='W_BESTI_LINE#2' LINE='2156' />
      <METHOD ID='W_BEST_AREAI' LINE='2156' />
      <METHOD ID='W_BESTI_LINE#3' LINE='-1' />
      <METHOD ID='W_BESTI_LINE#4' LINE='2156' />
    </LOCATION>
    <LOCATION ID='L_07' ORIG='2194' NEW='2157'>
      <METHOD ID='W_BESTI_LINE#12' LINE='-1' />
      <METHOD ID='W_BESTI_LINE#10' LINE='-1' />
      <METHOD ID='W_BESTI_LINEI#12' LINE='-1' />
      <METHOD ID='W_BESTI_LINE#11' LINE='-1' />
      <METHOD ID='W_BESTI_LINEI#11' LINE='2157' />
      <METHOD ID='C_LINE' LINE='-1' />
      <METHOD ID='W_BEST_LINE#1' LINE='2157' />
      <METHOD ID='W_BEST_LINE#3' LINE='-1' />
      <METHOD ID='W_BEST_LINE#2' LINE='2157' />
      <METHOD ID='W_BEST_LINEI#9' LINE='2157' />
      <METHOD ID='W_BEST_LINEI#5' LINE='2157' />
      <METHOD ID='W_BEST_LINE#9' LINE='-1' />
      <METHOD ID='W_BEST_LINEI#6' LINE='2157' />
      <METHOD ID='W_BEST_LINE#8' LINE='2157' />
      <METHOD ID='W_BESTI_AREA' LINE='2157' />
      <METHOD ID='W_BEST_LINEI#7' LINE='2157' />
      <METHOD ID='A_EXACT_I' LINE='2157' />
      <METHOD ID='W_BEST_LINEI#8' LINE='2157' />
      <METHOD ID='W_BEST_LINEI#1' LINE='2157' />
      <METHOD ID='W_BEST_LINE#5' LINE='2157' />
      <METHOD ID='W_BEST_LINEI#2' LINE='2157' />
      <METHOD ID='W_BESTI_LINEI#10' LINE='2157' />
      <METHOD ID='W_BEST_LINE#4' LINE='2157' />
      <METHOD ID='W_BEST_LINEI#3' LINE='2157' />
      <METHOD ID='W_BEST_LINE#7' LINE='2157' />
      <METHOD ID='W_BEST_LINEI#4' LINE='2157' />
      <METHOD ID='W_BEST_LINE#6' LINE='2157' />
      <METHOD ID='W_BESTI_LINEI' LINE='2157' />
      <METHOD ID='W_BEST_LINEI' LINE='2157' />
      <METHOD ID='W_BESTI_AREAI' LINE='2157' />
      <METHOD ID='A_NUMBER' LINE='-1' />
      <METHOD ID='A_SMART' LINE='2157' />
      <METHOD ID='W_BEST_AREA' LINE='2157' />
      <METHOD ID='W_BEST_LINEI#12' LINE='-1' />
      <METHOD ID='W_BEST_LINEI#11' LINE='-1' />
      <METHOD ID='W_BEST_LINEI#10' LINE='2157' />
      <METHOD ID='U_DIFF' LINE='2194' />
      <METHOD ID='W_BESTI_LINEI#8' LINE='2157' />
      <METHOD ID='W_BESTI_LINEI#9' LINE='2157' />
      <METHOD ID='W_BESTI_LINEI#6' LINE='2157' />
      <METHOD ID='W_BESTI_LINEI#7' LINE='2157' />
      <METHOD ID='W_BESTI_LINEI#4' LINE='2157' />
      <METHOD ID='W_BESTI_LINEI#5' LINE='2157' />
      <METHOD ID='W_BESTI_LINEI#2' LINE='2157' />
      <METHOD ID='W_BESTI_LINEI#3' LINE='2157' />
      <METHOD ID='W_BESTI_LINE' LINE='2157' />
      <METHOD ID='W_BESTI_LINEI#1' LINE='2157' />
      <METHOD ID='W_BEST_LINE#11' LINE='-1' />
      <METHOD ID='A_EXACT' LINE='-1' />
      <METHOD ID='W_BEST_LINE#12' LINE='-1' />
      <METHOD ID='W_BEST_LINE#10' LINE='-1' />
      <METHOD ID='W_BEST_LINE' LINE='2157' />
      <METHOD ID='A_BEST' LINE='2157' />
      <METHOD ID='A_NUMBER_EXACT' LINE='-1' />
      <METHOD ID='A_SMART_I' LINE='2157' />
      <METHOD ID='A_BEST_I' LINE='2157' />
      <METHOD ID='W_BESTI_LINE#5' LINE='2157' />
      <METHOD ID='W_BESTI_LINE#6' LINE='2157' />
      <METHOD ID='W_BESTI_LINE#7' LINE='2157' />
      <METHOD ID='W_BESTI_LINE#8' LINE='2157' />
      <METHOD ID='W_BESTI_LINE#9' LINE='2157' />
      <METHOD ID='W_BESTI_LINE#1' LINE='2157' />
      <METHOD ID='W_BESTI_LINE#2' LINE='2157' />
      <METHOD ID='W_BEST_AREAI' LINE='2157' />
      <METHOD ID='W_BESTI_LINE#3' LINE='-1' />
      <METHOD ID='W_BESTI_LINE#4' LINE='2157' />
    </LOCATION>
    <LOCATION ID='L_08' ORIG='2195' NEW='2158'>
      <METHOD ID='W_BESTI_LINE#12' LINE='-1' />
      <METHOD ID='W_BESTI_LINE#10' LINE='-1' />
      <METHOD ID='W_BESTI_LINEI#12' LINE='-1' />
      <METHOD ID='W_BESTI_LINE#11' LINE='-1' />
      <METHOD ID='W_BESTI_LINEI#11' LINE='-1' />
      <METHOD ID='C_LINE' LINE='-1' />
      <METHOD ID='W_BEST_LINE#1' LINE='2158' />
      <METHOD ID='W_BEST_LINE#3' LINE='-1' />
      <METHOD ID='W_BEST_LINE#2' LINE='-1' />
      <METHOD ID='W_BEST_LINEI#9' LINE='2158' />
      <METHOD ID='W_BEST_LINEI#5' LINE='2158' />
      <METHOD ID='W_BEST_LINE#9' LINE='-1' />
      <METHOD ID='W_BEST_LINEI#6' LINE='2158' />
      <METHOD ID='W_BEST_LINE#8' LINE='-1' />
      <METHOD ID='W_BESTI_AREA' LINE='2158' />
      <METHOD ID='W_BEST_LINEI#7' LINE='2158' />
      <METHOD ID='A_EXACT_I' LINE='-1' />
      <METHOD ID='W_BEST_LINEI#8' LINE='2158' />
      <METHOD ID='W_BEST_LINEI#1' LINE='2158' />
      <METHOD ID='W_BEST_LINE#5' LINE='2158' />
      <METHOD ID='W_BEST_LINEI#2' LINE='2158' />
      <METHOD ID='W_BESTI_LINEI#10' LINE='-1' />
      <METHOD ID='W_BEST_LINE#4' LINE='2158' />
      <METHOD ID='W_BEST_LINEI#3' LINE='2158' />
      <METHOD ID='W_BEST_LINE#7' LINE='-1' />
      <METHOD ID='W_BEST_LINEI#4' LINE='2158' />
      <METHOD ID='W_BEST_LINE#6' LINE='2158' />
      <METHOD ID='W_BESTI_LINEI' LINE='2158' />
      <METHOD ID='W_BEST_LINEI' LINE='2158' />
      <METHOD ID='W_BESTI_AREAI' LINE='2158' />
      <METHOD ID='A_NUMBER' LINE='-1' />
      <METHOD ID='A_SMART' LINE='-1' />
      <METHOD ID='W_BEST_AREA' LINE='2158' />
      <METHOD ID='W_BEST_LINEI#12' LINE='-1' />
      <METHOD ID='W_BEST_LINEI#11' LINE='-1' />
      <METHOD ID='W_BEST_LINEI#10' LINE='-1' />
      <METHOD ID='U_DIFF' LINE='2195' />
      <METHOD ID='W_BESTI_LINEI#8' LINE='2158' />
      <METHOD ID='W_BESTI_LINEI#9' LINE='2158' />
      <METHOD ID='W_BESTI_LINEI#6' LINE='2158' />
      <METHOD ID='W_BESTI_LINEI#7' LINE='2158' />
      <METHOD ID='W_BESTI_LINEI#4' LINE='2158' />
      <METHOD ID='W_BESTI_LINEI#5' LINE='2158' />
      <METHOD ID='W_BESTI_LINEI#2' LINE='2158' />
      <METHOD ID='W_BESTI_LINEI#3' LINE='2158' />
      <METHOD ID='W_BESTI_LINE' LINE='2158' />
      <METHOD ID='W_BESTI_LINEI#1' LINE='2158' />
      <METHOD ID='W_BEST_LINE#11' LINE='-1' />
      <METHOD ID='A_EXACT' LINE='-1' />
      <METHOD ID='W_BEST_LINE#12' LINE='-1' />
      <METHOD ID='W_BEST_LINE#10' LINE='-1' />
      <METHOD ID='W_BEST_LINE' LINE='2158' />
      <METHOD ID='A_BEST' LINE='-1' />
      <METHOD ID='A_NUMBER_EXACT' LINE='-1' />
      <METHOD ID='A_SMART_I' LINE='2158' />
      <METHOD ID='A_BEST_I' LINE='-1' />
      <METHOD ID='W_BESTI_LINE#5' LINE='2158' />
      <METHOD ID='W_BESTI_LINE#6' LINE='2158' />
      <METHOD ID='W_BESTI_LINE#7' LINE='-1' />
      <METHOD ID='W_BESTI_LINE#8' LINE='-1' />
      <METHOD ID='W_BESTI_LINE#9' LINE='-1' />
      <METHOD ID='W_BESTI_LINE#1' LINE='2158' />
      <METHOD ID='W_BESTI_LINE#2' LINE='-1' />
      <METHOD ID='W_BEST_AREAI' LINE='2158' />
      <METHOD ID='W_BESTI_LINE#3' LINE='-1' />
      <METHOD ID='W_BESTI_LINE#4' LINE='2158' />
    </LOCATION>
    <LOCATION ID='L_09' ORIG='2196' NEW='2159'>
      <METHOD ID='W_BESTI_LINE#12' LINE='-1' />
      <METHOD ID='W_BESTI_LINE#10' LINE='-1' />
      <METHOD ID='W_BESTI_LINEI#12' LINE='-1' />
      <METHOD ID='W_BESTI_LINE#11' LINE='-1' />
      <METHOD ID='W_BESTI_LINEI#11' LINE='2159' />
      <METHOD ID='C_LINE' LINE='-1' />
      <METHOD ID='W_BEST_LINE#1' LINE='2159' />
      <METHOD ID='W_BEST_LINE#3' LINE='-1' />
      <METHOD ID='W_BEST_LINE#2' LINE='2159' />
      <METHOD ID='W_BEST_LINEI#9' LINE='2159' />
      <METHOD ID='W_BEST_LINEI#5' LINE='2159' />
      <METHOD ID='W_BEST_LINE#9' LINE='-1' />
      <METHOD ID='W_BEST_LINEI#6' LINE='2159' />
      <METHOD ID='W_BEST_LINE#8' LINE='2159' />
      <METHOD ID='W_BESTI_AREA' LINE='2159' />
      <METHOD ID='W_BEST_LINEI#7' LINE='2159' />
      <METHOD ID='A_EXACT_I' LINE='2159' />
      <METHOD ID='W_BEST_LINEI#8' LINE='2159' />
      <METHOD ID='W_BEST_LINEI#1' LINE='2159' />
      <METHOD ID='W_BEST_LINE#5' LINE='2159' />
      <METHOD ID='W_BEST_LINEI#2' LINE='2159' />
      <METHOD ID='W_BESTI_LINEI#10' LINE='2159' />
      <METHOD ID='W_BEST_LINE#4' LINE='2159' />
      <METHOD ID='W_BEST_LINEI#3' LINE='2159' />
      <METHOD ID='W_BEST_LINE#7' LINE='2159' />
      <METHOD ID='W_BEST_LINEI#4' LINE='2159' />
      <METHOD ID='W_BEST_LINE#6' LINE='2159' />
      <METHOD ID='W_BESTI_LINEI' LINE='2159' />
      <METHOD ID='W_BEST_LINEI' LINE='2159' />
      <METHOD ID='W_BESTI_AREAI' LINE='2159' />
      <METHOD ID='A_NUMBER' LINE='-1' />
      <METHOD ID='A_SMART' LINE='2159' />
      <METHOD ID='W_BEST_AREA' LINE='2159' />
      <METHOD ID='W_BEST_LINEI#12' LINE='-1' />
      <METHOD ID='W_BEST_LINEI#11' LINE='-1' />
      <METHOD ID='W_BEST_LINEI#10' LINE='2159' />
      <METHOD ID='U_DIFF' LINE='2196' />
      <METHOD ID='W_BESTI_LINEI#8' LINE='2159' />
      <METHOD ID='W_BESTI_LINEI#9' LINE='2159' />
      <METHOD ID='W_BESTI_LINEI#6' LINE='2159' />
      <METHOD ID='W_BESTI_LINEI#7' LINE='2159' />
      <METHOD ID='W_BESTI_LINEI#4' LINE='2159' />
      <METHOD ID='W_BESTI_LINEI#5' LINE='2159' />
      <METHOD ID='W_BESTI_LINEI#2' LINE='2159' />
      <METHOD ID='W_BESTI_LINEI#3' LINE='2159' />
      <METHOD ID='W_BESTI_LINE' LINE='2159' />
      <METHOD ID='W_BESTI_LINEI#1' LINE='2159' />
      <METHOD ID='W_BEST_LINE#11' LINE='-1' />
      <METHOD ID='A_EXACT' LINE='-1' />
      <METHOD ID='W_BEST_LINE#12' LINE='-1' />
      <METHOD ID='W_BEST_LINE#10' LINE='-1' />
      <METHOD ID='W_BEST_LINE' LINE='2159' />
      <METHOD ID='A_BEST' LINE='2159' />
      <METHOD ID='A_NUMBER_EXACT' LINE='-1' />
      <METHOD ID='A_SMART_I' LINE='2159' />
      <METHOD ID='A_BEST_I' LINE='2159' />
      <METHOD ID='W_BESTI_LINE#5' LINE='2159' />
      <METHOD ID='W_BESTI_LINE#6' LINE='2159' />
      <METHOD ID='W_BESTI_LINE#7' LINE='2159' />
      <METHOD ID='W_BESTI_LINE#8' LINE='2159' />
      <METHOD ID='W_BESTI_LINE#9' LINE='2159' />
      <METHOD ID='W_BESTI_LINE#1' LINE='2159' />
      <METHOD ID='W_BESTI_LINE#2' LINE='2159' />
      <METHOD ID='W_BEST_AREAI' LINE='2159' />
      <METHOD ID='W_BESTI_LINE#3' LINE='-1' />
      <METHOD ID='W_BESTI_LINE#4' LINE='2159' />
    </LOCATION>
    <LOCATION ID='L_10' ORIG='2198' NEW='2161'>
      <METHOD ID='W_BESTI_LINE#12' LINE='-1' />
      <METHOD ID='W_BESTI_LINE#10' LINE='-1' />
      <METHOD ID='W_BESTI_LINEI#12' LINE='-1' />
      <METHOD ID='W_BESTI_LINE#11' LINE='-1' />
      <METHOD ID='W_BESTI_LINEI#11' LINE='-1' />
      <METHOD ID='C_LINE' LINE='-1' />
      <METHOD ID='W_BEST_LINE#1' LINE='2161' />
      <METHOD ID='W_BEST_LINE#3' LINE='-1' />
      <METHOD ID='W_BEST_LINE#2' LINE='-1' />
      <METHOD ID='W_BEST_LINEI#9' LINE='-1' />
      <METHOD ID='W_BEST_LINEI#5' LINE='2161' />
      <METHOD ID='W_BEST_LINE#9' LINE='-1' />
      <METHOD ID='W_BEST_LINEI#6' LINE='2161' />
      <METHOD ID='W_BEST_LINE#8' LINE='-1' />
      <METHOD ID='W_BESTI_AREA' LINE='2161' />
      <METHOD ID='W_BEST_LINEI#7' LINE='2161' />
      <METHOD ID='A_EXACT_I' LINE='-1' />
      <METHOD ID='W_BEST_LINEI#8' LINE='2161' />
      <METHOD ID='W_BEST_LINEI#1' LINE='2161' />
      <METHOD ID='W_BEST_LINE#5' LINE='2161' />
      <METHOD ID='W_BEST_LINEI#2' LINE='2161' />
      <METHOD ID='W_BESTI_LINEI#10' LINE='-1' />
      <METHOD ID='W_BEST_LINE#4' LINE='2161' />
      <METHOD ID='W_BEST_LINEI#3' LINE='2161' />
      <METHOD ID='W_BEST_LINE#7' LINE='2161' />
      <METHOD ID='W_BEST_LINEI#4' LINE='2161' />
      <METHOD ID='W_BEST_LINE#6' LINE='2161' />
      <METHOD ID='W_BESTI_LINEI' LINE='2161' />
      <METHOD ID='W_BEST_LINEI' LINE='2161' />
      <METHOD ID='W_BESTI_AREAI' LINE='2161' />
      <METHOD ID='A_NUMBER' LINE='-1' />
      <METHOD ID='A_SMART' LINE='-1' />
      <METHOD ID='W_BEST_AREA' LINE='2161' />
      <METHOD ID='W_BEST_LINEI#12' LINE='-1' />
      <METHOD ID='W_BEST_LINEI#11' LINE='-1' />
      <METHOD ID='W_BEST_LINEI#10' LINE='-1' />
      <METHOD ID='U_DIFF' LINE='2198' />
      <METHOD ID='W_BESTI_LINEI#8' LINE='2161' />
      <METHOD ID='W_BESTI_LINEI#9' LINE='-1' />
      <METHOD ID='W_BESTI_LINEI#6' LINE='2161' />
      <METHOD ID='W_BESTI_LINEI#7' LINE='2161' />
      <METHOD ID='W_BESTI_LINEI#4' LINE='2161' />
      <METHOD ID='W_BESTI_LINEI#5' LINE='2161' />
      <METHOD ID='W_BESTI_LINEI#2' LINE='2161' />
      <METHOD ID='W_BESTI_LINEI#3' LINE='2161' />
      <METHOD ID='W_BESTI_LINE' LINE='2161' />
      <METHOD ID='W_BESTI_LINEI#1' LINE='2161' />
      <METHOD ID='W_BEST_LINE#11' LINE='-1' />
      <METHOD ID='A_EXACT' LINE='-1' />
      <METHOD ID='W_BEST_LINE#12' LINE='-1' />
      <METHOD ID='W_BEST_LINE#10' LINE='-1' />
      <METHOD ID='W_BEST_LINE' LINE='2161' />
      <METHOD ID='A_BEST' LINE='-1' />
      <METHOD ID='A_NUMBER_EXACT' LINE='-1' />
      <METHOD ID='A_SMART_I' LINE='-1' />
      <METHOD ID='A_BEST_I' LINE='-1' />
      <METHOD ID='W_BESTI_LINE#5' LINE='2161' />
      <METHOD ID='W_BESTI_LINE#6' LINE='2161' />
      <METHOD ID='W_BESTI_LINE#7' LINE='2161' />
      <METHOD ID='W_BESTI_LINE#8' LINE='-1' />
      <METHOD ID='W_BESTI_LINE#9' LINE='-1' />
      <METHOD ID='W_BESTI_LINE#1' LINE='2161' />
      <METHOD ID='W_BESTI_LINE#2' LINE='-1' />
      <METHOD ID='W_BEST_AREAI' LINE='2161' />
      <METHOD ID='W_BESTI_LINE#3' LINE='-1' />
      <METHOD ID='W_BESTI_LINE#4' LINE='2161' />
    </LOCATION>
    <LOCATION ID='L_11' ORIG='2199' NEW='2162'>
      <METHOD ID='W_BESTI_LINE#12' LINE='-1' />
      <METHOD ID='W_BESTI_LINE#10' LINE='-1' />
      <METHOD ID='W_BESTI_LINEI#12' LINE='-1' />
      <METHOD ID='W_BESTI_LINE#11' LINE='-1' />
      <METHOD ID='W_BESTI_LINEI#11' LINE='-1' />
      <METHOD ID='C_LINE' LINE='-1' />
      <METHOD ID='W_BEST_LINE#1' LINE='2162' />
      <METHOD ID='W_BEST_LINE#3' LINE='-1' />
      <METHOD ID='W_BEST_LINE#2' LINE='-1' />
      <METHOD ID='W_BEST_LINEI#9' LINE='-1' />
      <METHOD ID='W_BEST_LINEI#5' LINE='2162' />
      <METHOD ID='W_BEST_LINE#9' LINE='-1' />
      <METHOD ID='W_BEST_LINEI#6' LINE='2162' />
      <METHOD ID='W_BEST_LINE#8' LINE='-1' />
      <METHOD ID='W_BESTI_AREA' LINE='2162' />
      <METHOD ID='W_BEST_LINEI#7' LINE='2162' />
      <METHOD ID='A_EXACT_I' LINE='-1' />
      <METHOD ID='W_BEST_LINEI#8' LINE='-1' />
      <METHOD ID='W_BEST_LINEI#1' LINE='2162' />
      <METHOD ID='W_BEST_LINE#5' LINE='2162' />
      <METHOD ID='W_BEST_LINEI#2' LINE='-1' />
      <METHOD ID='W_BESTI_LINEI#10' LINE='-1' />
      <METHOD ID='W_BEST_LINE#4' LINE='2162' />
      <METHOD ID='W_BEST_LINEI#3' LINE='-1' />
      <METHOD ID='W_BEST_LINE#7' LINE='2162' />
      <METHOD ID='W_BEST_LINEI#4' LINE='2162' />
      <METHOD ID='W_BEST_LINE#6' LINE='2162' />
      <METHOD ID='W_BESTI_LINEI' LINE='2162' />
      <METHOD ID='W_BEST_LINEI' LINE='2162' />
      <METHOD ID='W_BESTI_AREAI' LINE='2162' />
      <METHOD ID='A_NUMBER' LINE='-1' />
      <METHOD ID='A_SMART' LINE='-1' />
      <METHOD ID='W_BEST_AREA' LINE='2162' />
      <METHOD ID='W_BEST_LINEI#12' LINE='-1' />
      <METHOD ID='W_BEST_LINEI#11' LINE='-1' />
      <METHOD ID='W_BEST_LINEI#10' LINE='-1' />
      <METHOD ID='U_DIFF' LINE='2199' />
      <METHOD ID='W_BESTI_LINEI#8' LINE='-1' />
      <METHOD ID='W_BESTI_LINEI#9' LINE='-1' />
      <METHOD ID='W_BESTI_LINEI#6' LINE='2162' />
      <METHOD ID='W_BESTI_LINEI#7' LINE='2162' />
      <METHOD ID='W_BESTI_LINEI#4' LINE='2162' />
      <METHOD ID='W_BESTI_LINEI#5' LINE='2162' />
      <METHOD ID='W_BESTI_LINEI#2' LINE='-1' />
      <METHOD ID='W_BESTI_LINEI#3' LINE='-1' />
      <METHOD ID='W_BESTI_LINE' LINE='2162' />
      <METHOD ID='W_BESTI_LINEI#1' LINE='2162' />
      <METHOD ID='W_BEST_LINE#11' LINE='-1' />
      <METHOD ID='A_EXACT' LINE='-1' />
      <METHOD ID='W_BEST_LINE#12' LINE='-1' />
      <METHOD ID='W_BEST_LINE#10' LINE='-1' />
      <METHOD ID='W_BEST_LINE' LINE='2162' />
      <METHOD ID='A_BEST' LINE='-1' />
      <METHOD ID='A_NUMBER_EXACT' LINE='-1' />
      <METHOD ID='A_SMART_I' LINE='-1' />
      <METHOD ID='A_BEST_I' LINE='-1' />
      <METHOD ID='W_BESTI_LINE#5' LINE='2162' />
      <METHOD ID='W_BESTI_LINE#6' LINE='2162' />
      <METHOD ID='W_BESTI_LINE#7' LINE='2162' />
      <METHOD ID='W_BESTI_LINE#8' LINE='-1' />
      <METHOD ID='W_BESTI_LINE#9' LINE='-1' />
      <METHOD ID='W_BESTI_LINE#1' LINE='2162' />
      <METHOD ID='W_BESTI_LINE#2' LINE='-1' />
      <METHOD ID='W_BEST_AREAI' LINE='2162' />
      <METHOD ID='W_BESTI_LINE#3' LINE='-1' />
      <METHOD ID='W_BESTI_LINE#4' LINE='2162' />
    </LOCATION>
    <LOCATION ID='L_12' ORIG='2201' NEW='2163'>
      <METHOD ID='W_BESTI_LINE#12' LINE='-1' />
      <METHOD ID='W_BESTI_LINE#10' LINE='-1' />
      <METHOD ID='W_BESTI_LINEI#12' LINE='-1' />
      <METHOD ID='W_BESTI_LINE#11' LINE='-1' />
      <METHOD ID='W_BESTI_LINEI#11' LINE='-1' />
      <METHOD ID='C_LINE' LINE='-1' />
      <METHOD ID='W_BEST_LINE#1' LINE='2163' />
      <METHOD ID='W_BEST_LINE#3' LINE='2163' />
      <METHOD ID='W_BEST_LINE#2' LINE='2163' />
      <METHOD ID='W_BEST_LINEI#9' LINE='-1' />
      <METHOD ID='W_BEST_LINEI#5' LINE='2163' />
      <METHOD ID='W_BEST_LINE#9' LINE='-1' />
      <METHOD ID='W_BEST_LINEI#6' LINE='2163' />
      <METHOD ID='W_BEST_LINE#8' LINE='2163' />
      <METHOD ID='W_BESTI_AREA' LINE='1538' />
      <METHOD ID='W_BEST_LINEI#7' LINE='2163' />
      <METHOD ID='A_EXACT_I' LINE='-1' />
      <METHOD ID='W_BEST_LINEI#8' LINE='2163' />
      <METHOD ID='W_BEST_LINEI#1' LINE='2163' />
      <METHOD ID='W_BEST_LINE#5' LINE='2163' />
      <METHOD ID='W_BEST_LINEI#2' LINE='2163' />
      <METHOD ID='W_BESTI_LINEI#10' LINE='-1' />
      <METHOD ID='W_BEST_LINE#4' LINE='2163' />
      <METHOD ID='W_BEST_LINEI#3' LINE='2163' />
      <METHOD ID='W_BEST_LINE#7' LINE='2163' />
      <METHOD ID='W_BEST_LINEI#4' LINE='2163' />
      <METHOD ID='W_BEST_LINE#6' LINE='2163' />
      <METHOD ID='W_BESTI_LINEI' LINE='2163' />
      <METHOD ID='W_BEST_LINEI' LINE='2163' />
      <METHOD ID='W_BESTI_AREAI' LINE='1538' />
      <METHOD ID='A_NUMBER' LINE='-1' />
      <METHOD ID='A_SMART' LINE='-1' />
      <METHOD ID='W_BEST_AREA' LINE='1538' />
      <METHOD ID='W_BEST_LINEI#12' LINE='-1' />
      <METHOD ID='W_BEST_LINEI#11' LINE='-1' />
      <METHOD ID='W_BEST_LINEI#10' LINE='-1' />
      <METHOD ID='U_DIFF' LINE='2201' />
      <METHOD ID='W_BESTI_LINEI#8' LINE='2163' />
      <METHOD ID='W_BESTI_LINEI#9' LINE='-1' />
      <METHOD ID='W_BESTI_LINEI#6' LINE='2163' />
      <METHOD ID='W_BESTI_LINEI#7' LINE='2163' />
      <METHOD ID='W_BESTI_LINEI#4' LINE='2163' />
      <METHOD ID='W_BESTI_LINEI#5' LINE='2163' />
      <METHOD ID='W_BESTI_LINEI#2' LINE='2163' />
      <METHOD ID='W_BESTI_LINEI#3' LINE='2163' />
      <METHOD ID='W_BESTI_LINE' LINE='2163' />
      <METHOD ID='W_BESTI_LINEI#1' LINE='2163' />
      <METHOD ID='W_BEST_LINE#11' LINE='-1' />
      <METHOD ID='A_EXACT' LINE='-1' />
      <METHOD ID='W_BEST_LINE#12' LINE='-1' />
      <METHOD ID='W_BEST_LINE#10' LINE='-1' />
      <METHOD ID='W_BEST_LINE' LINE='2163' />
      <METHOD ID='A_BEST' LINE='-1' />
      <METHOD ID='A_NUMBER_EXACT' LINE='-1' />
      <METHOD ID='A_SMART_I' LINE='-1' />
      <METHOD ID='A_BEST_I' LINE='-1' />
      <METHOD ID='W_BESTI_LINE#5' LINE='2163' />
      <METHOD ID='W_BESTI_LINE#6' LINE='2163' />
      <METHOD ID='W_BESTI_LINE#7' LINE='2163' />
      <METHOD ID='W_BESTI_LINE#8' LINE='2163' />
      <METHOD ID='W_BESTI_LINE#9' LINE='-1' />
      <METHOD ID='W_BESTI_LINE#1' LINE='2163' />
      <METHOD ID='W_BESTI_LINE#2' LINE='2163' />
      <METHOD ID='W_BEST_AREAI' LINE='1538' />
      <METHOD ID='W_BESTI_LINE#3' LINE='2163' />
      <METHOD ID='W_BESTI_LINE#4' LINE='2163' />
    </LOCATION>
  </VERSION>
  <SCORES>
    <SCORE METHOD='A_BEST' CORRECT='7' CHANGE='0' ELIM='6' SPURRIOUS='0' IDSWRONG='6' AVGTIME='136.0' />
    <SCORE METHOD='A_BEST_I' CORRECT='6' CHANGE='1' ELIM='6' SPURRIOUS='0' IDSWRONG='7' AVGTIME='127.0' />
    <SCORE METHOD='A_EXACT' CORRECT='2' CHANGE='0' ELIM='11' SPURRIOUS='0' IDSWRONG='11' AVGTIME='1.0' />
    <SCORE METHOD='A_EXACT_I' CORRECT='5' CHANGE='1' ELIM='7' SPURRIOUS='0' IDSWRONG='8' AVGTIME='3.0' />
    <SCORE METHOD='A_NUMBER' CORRECT='2' CHANGE='0' ELIM='11' SPURRIOUS='0' IDSWRONG='11' AVGTIME='1.0' />
    <SCORE METHOD='A_NUMBER_EXACT' CORRECT='2' CHANGE='0' ELIM='11' SPURRIOUS='0' IDSWRONG='11' AVGTIME='5.0' />
    <SCORE METHOD='A_SMART' CORRECT='5' CHANGE='1' ELIM='6' SPURRIOUS='1' IDSWRONG='8' AVGTIME='201.0' />
    <SCORE METHOD='A_SMART_I' CORRECT='6' CHANGE='1' ELIM='5' SPURRIOUS='1' IDSWRONG='7' AVGTIME='192.0' />
    <SCORE METHOD='C_LINE' CORRECT='1' CHANGE='0' ELIM='11' SPURRIOUS='1' IDSWRONG='12' AVGTIME='0.0' />
    <SCORE METHOD='U_DIFF' CORRECT='0' CHANGE='11' ELIM='0' SPURRIOUS='2' IDSWRONG='13' AVGTIME='4.0' />
    <SCORE METHOD='W_BESTI_AREA' CORRECT='10' CHANGE='2' ELIM='0' SPURRIOUS='1' IDSWRONG='3' AVGTIME='121.0' />
    <SCORE METHOD='W_BESTI_AREAI' CORRECT='10' CHANGE='2' ELIM='0' SPURRIOUS='1' IDSWRONG='3' AVGTIME='137.0' />
    <SCORE METHOD='W_BESTI_LINE' CORRECT='11' CHANGE='1' ELIM='0' SPURRIOUS='1' IDSWRONG='2' AVGTIME='121.0' />
    <SCORE METHOD='W_BESTI_LINE#1' CORRECT='11' CHANGE='1' ELIM='0' SPURRIOUS='1' IDSWRONG='2' AVGTIME='120.0' />
    <SCORE METHOD='W_BESTI_LINE#10' CORRECT='2' CHANGE='0' ELIM='11' SPURRIOUS='0' IDSWRONG='11' AVGTIME='122.0' />
    <SCORE METHOD='W_BESTI_LINE#11' CORRECT='2' CHANGE='0' ELIM='11' SPURRIOUS='0' IDSWRONG='11' AVGTIME='120.0' />
    <SCORE METHOD='W_BESTI_LINE#12' CORRECT='2' CHANGE='0' ELIM='11' SPURRIOUS='0' IDSWRONG='11' AVGTIME='126.0' />
    <SCORE METHOD='W_BESTI_LINE#2' CORRECT='6' CHANGE='1' ELIM='6' SPURRIOUS='0' IDSWRONG='7' AVGTIME='117.0' />
    <SCORE METHOD='W_BESTI_LINE#3' CORRECT='2' CHANGE='0' ELIM='10' SPURRIOUS='1' IDSWRONG='11' AVGTIME='122.0' />
    <SCORE METHOD='W_BESTI_LINE#4' CORRECT='11' CHANGE='1' ELIM='0' SPURRIOUS='1' IDSWRONG='2' AVGTIME='129.0' />
    <SCORE METHOD='W_BESTI_LINE#5' CORRECT='11' CHANGE='1' ELIM='0' SPURRIOUS='1' IDSWRONG='2' AVGTIME='117.0' />
    <SCORE METHOD='W_BESTI_LINE#6' CORRECT='11' CHANGE='1' ELIM='0' SPURRIOUS='1' IDSWRONG='2' AVGTIME='129.0' />
    <SCORE METHOD='W_BESTI_LINE#7' CORRECT='10' CHANGE='1' ELIM='2' SPURRIOUS='0' IDSWRONG='3' AVGTIME='123.0' />
    <SCORE METHOD='W_BESTI_LINE#8' CORRECT='7' CHANGE='1' ELIM='5' SPURRIOUS='0' IDSWRONG='6' AVGTIME='124.0' />
    <SCORE METHOD='W_BESTI_LINE#9' CORRECT='5' CHANGE='1' ELIM='7' SPURRIOUS='0' IDSWRONG='8' AVGTIME='119.0' />
    <SCORE METHOD='W_BESTI_LINEI' CORRECT='11' CHANGE='1' ELIM='0' SPURRIOUS='1' IDSWRONG='2' AVGTIME='132.0' />
    <SCORE METHOD='W_BESTI_LINEI#1' CORRECT='11' CHANGE='1' ELIM='0' SPURRIOUS='1' IDSWRONG='2' AVGTIME='133.0' />
    <SCORE METHOD='W_BESTI_LINEI#10' CORRECT='5' CHANGE='0' ELIM='8' SPURRIOUS='0' IDSWRONG='8' AVGTIME='144.0' />
    <SCORE METHOD='W_BESTI_LINEI#11' CORRECT='5' CHANGE='0' ELIM='8' SPURRIOUS='0' IDSWRONG='8' AVGTIME='136.0' />
    <SCORE METHOD='W_BESTI_LINEI#12' CORRECT='2' CHANGE='0' ELIM='11' SPURRIOUS='0' IDSWRONG='11' AVGTIME='134.0' />
    <SCORE METHOD='W_BESTI_LINEI#2' CORRECT='10' CHANGE='1' ELIM='2' SPURRIOUS='0' IDSWRONG='3' AVGTIME='135.0' />
    <SCORE METHOD='W_BESTI_LINEI#3' CORRECT='9' CHANGE='0' ELIM='3' SPURRIOUS='1' IDSWRONG='4' AVGTIME='134.0' />
    <SCORE METHOD='W_BESTI_LINEI#4' CORRECT='11' CHANGE='1' ELIM='0' SPURRIOUS='1' IDSWRONG='2' AVGTIME='134.0' />
    <SCORE METHOD='W_BESTI_LINEI#5' CORRECT='11' CHANGE='1' ELIM='0' SPURRIOUS='1' IDSWRONG='2' AVGTIME='133.0' />
    <SCORE METHOD='W_BESTI_LINEI#6' CORRECT='11' CHANGE='1' ELIM='0' SPURRIOUS='1' IDSWRONG='2' AVGTIME='133.0' />
    <SCORE METHOD='W_BESTI_LINEI#7' CORRECT='12' CHANGE='1' ELIM='0' SPURRIOUS='0' IDSWRONG='1' AVGTIME='135.0' />
    <SCORE METHOD='W_BESTI_LINEI#8' CORRECT='11' CHANGE='1' ELIM='1' SPURRIOUS='0' IDSWRONG='2' AVGTIME='133.0' />
    <SCORE METHOD='W_BESTI_LINEI#9' CORRECT='6' CHANGE='1' ELIM='6' SPURRIOUS='0' IDSWRONG='7' AVGTIME='137.0' />
    <SCORE METHOD='W_BEST_AREA' CORRECT='11' CHANGE='1' ELIM='0' SPURRIOUS='1' IDSWRONG='2' AVGTIME='131.0' />
    <SCORE METHOD='W_BEST_AREAI' CORRECT='11' CHANGE='1' ELIM='0' SPURRIOUS='1' IDSWRONG='2' AVGTIME='146.0' />
    <SCORE METHOD='W_BEST_LINE' CORRECT='12' CHANGE='0' ELIM='0' SPURRIOUS='1' IDSWRONG='1' AVGTIME='129.0' />
    <SCORE METHOD='W_BEST_LINE#1' CORRECT='12' CHANGE='0' ELIM='0' SPURRIOUS='1' IDSWRONG='1' AVGTIME='125.0' />
    <SCORE METHOD='W_BEST_LINE#10' CORRECT='2' CHANGE='0' ELIM='11' SPURRIOUS='0' IDSWRONG='11' AVGTIME='128.0' />
    <SCORE METHOD='W_BEST_LINE#11' CORRECT='2' CHANGE='0' ELIM='11' SPURRIOUS='0' IDSWRONG='11' AVGTIME='126.0' />
    <SCORE METHOD='W_BEST_LINE#12' CORRECT='2' CHANGE='0' ELIM='11' SPURRIOUS='0' IDSWRONG='11' AVGTIME='131.0' />
    <SCORE METHOD='W_BEST_LINE#2' CORRECT='7' CHANGE='0' ELIM='6' SPURRIOUS='0' IDSWRONG='6' AVGTIME='126.0' />
    <SCORE METHOD='W_BEST_LINE#3' CORRECT='2' CHANGE='0' ELIM='10' SPURRIOUS='1' IDSWRONG='11' AVGTIME='129.0' />
    <SCORE METHOD='W_BEST_LINE#4' CORRECT='12' CHANGE='0' ELIM='0' SPURRIOUS='1' IDSWRONG='1' AVGTIME='141.0' />
    <SCORE METHOD='W_BEST_LINE#5' CORRECT='12' CHANGE='0' ELIM='0' SPURRIOUS='1' IDSWRONG='1' AVGTIME='136.0' />
    <SCORE METHOD='W_BEST_LINE#6' CORRECT='12' CHANGE='0' ELIM='0' SPURRIOUS='1' IDSWRONG='1' AVGTIME='131.0' />
    <SCORE METHOD='W_BEST_LINE#7' CORRECT='11' CHANGE='0' ELIM='2' SPURRIOUS='0' IDSWRONG='2' AVGTIME='142.0' />
    <SCORE METHOD='W_BEST_LINE#8' CORRECT='8' CHANGE='0' ELIM='5' SPURRIOUS='0' IDSWRONG='5' AVGTIME='124.0' />
    <SCORE METHOD='W_BEST_LINE#9' CORRECT='2' CHANGE='0' ELIM='11' SPURRIOUS='0' IDSWRONG='11' AVGTIME='127.0' />
    <SCORE METHOD='W_BEST_LINEI' CORRECT='12' CHANGE='0' ELIM='0' SPURRIOUS='1' IDSWRONG='1' AVGTIME='144.0' />
    <SCORE METHOD='W_BEST_LINEI#1' CORRECT='12' CHANGE='0' ELIM='0' SPURRIOUS='1' IDSWRONG='1' AVGTIME='147.0' />
    <SCORE METHOD='W_BEST_LINEI#10' CORRECT='5' CHANGE='0' ELIM='8' SPURRIOUS='0' IDSWRONG='8' AVGTIME='143.0' />
    <SCORE METHOD='W_BEST_LINEI#11' CORRECT='2' CHANGE='0' ELIM='11' SPURRIOUS='0' IDSWRONG='11' AVGTIME='142.0' />
    <SCORE METHOD='W_BEST_LINEI#12' CORRECT='2' CHANGE='0' ELIM='11' SPURRIOUS='0' IDSWRONG='11' AVGTIME='143.0' />
    <SCORE METHOD='W_BEST_LINEI#2' CORRECT='11' CHANGE='0' ELIM='2' SPURRIOUS='0' IDSWRONG='2' AVGTIME='140.0' />
    <SCORE METHOD='W_BEST_LINEI#3' CORRECT='9' CHANGE='0' ELIM='3' SPURRIOUS='1' IDSWRONG='4' AVGTIME='149.0' />
    <SCORE METHOD='W_BEST_LINEI#4' CORRECT='12' CHANGE='0' ELIM='0' SPURRIOUS='1' IDSWRONG='1' AVGTIME='148.0' />
    <SCORE METHOD='W_BEST_LINEI#5' CORRECT='12' CHANGE='0' ELIM='0' SPURRIOUS='1' IDSWRONG='1' AVGTIME='145.0' />
    <SCORE METHOD='W_BEST_LINEI#6' CORRECT='12' CHANGE='0' ELIM='0' SPURRIOUS='1' IDSWRONG='1' AVGTIME='145.0' />
    <SCORE METHOD='W_BEST_LINEI#7' CORRECT='13' CHANGE='0' ELIM='0' SPURRIOUS='0' IDSWRONG='0' AVGTIME='147.0' />
    <SCORE METHOD='W_BEST_LINEI#8' CORRECT='12' CHANGE='0' ELIM='1' SPURRIOUS='0' IDSWRONG='1' AVGTIME='144.0' />
    <SCORE METHOD='W_BEST_LINEI#9' CORRECT='6' CHANGE='0' ELIM='7' SPURRIOUS='0' IDSWRONG='7' AVGTIME='143.0' />
  </SCORES>
</LIMBOTEST>
